311
199
8 32 X
10 24 D
7 27 L
10 20 D
5 10 R
7 31 U
2 28 U
2 34 U
1 7 D
8 16 R
13 25 D
6 8 X
8 19 L
4 14 D
18 13 U
7 19 L
12 2 L
3 19 R
13 23 L
6 34 L
12 32 L
18 14 U
2 17 U
14 17 D
1 25 R
15 6 R
14 4 R
18 10 L
17 6 L
6 16 R
15 19 R
16 8 R
8 4 U
16 14 U
10 18 D
18 15 U
9 23 R
10 16 D
8 22 L
13 26 U
10 32 U
3 14 L
1 14 L
3 10 R
18 17 U
14 23 R
8 34 D
9 10 R
16 29 U
16 27 U
7 14 R
1 19 R
14 14 U
10 3 D
3 32 D
14 10 L
12 22 L
14 28 L
7 23 U
12 4 L
12 17 D
12 13 U
14 8 L
13 10 L
6 6 D
13 28 R
6 12 L
7 36 L
4 12 D
7 30 L
10 13 U
10 17 U
10 1 D
7 10 R
16 16 U
1 10 R
14 2 R
11 10 L
6 24 D
3 15 R
15 10 L
10 8 U
6 22 D
18 25 U
15 35 R
18 33 X
5 32 R
18 8 L
14 11 U
6 1 X
3 36 L
16 24 D
4 13 D
6 20 U
2 12 R
8 13 U
15 26 L
8 36 L
8 1 R
18 16 U
18 23 U
13 20 D
10 34 D
12 8 R
9 6 R
18 21 U
13 36 U
3 30 D
16 4 R
12 12 D
10 22 U
4 34 R
18 2 L
1 3 D
9 27 L
8 30 L
12 15 U
12 34 D
9 25 U
1 23 L
10 30 D
1 36 L
10 14 D
16 2 R
17 19 L
14 32 R
10 15 U
14 30 D
4 17 D
13 27 U
10 21 D
4 24 D
15 22 U
12 28 R
18 27 U
8 33 D
8 14 R
4 26 U
4 6 U
10 29 U
4 15 D
14 16 U
9 36 L
11 26 R
1 21 D
10 35 D
10 12 D
8 31 D
18 12 U
8 8 L
7 32 U
4 22 U
5 28 R
8 12 D
14 18 D
9 21 L
12 11 U
6 14 R
13 6 R
7 21 U
10 7 D
6 26 U
16 12 U
18 6 L
9 3 U
7 25 U
6 3 R
6 19 L
6 30 L
18 19 X
16 33 R
2 5 D
8 24 L
17 10 L
15 21 U
11 23 L
9 19 L
12 23 R
8 20 U
18 4 L
12 6 L
16 20 R
18 11 U
12 18 D
5 36 L
10 5 D
8 5 R
10 2 U
16 26 D
17 31 U
18 22 U
6 36 L
18 29 X
3 8 U
10 31 D
4 3 R
17 35 U
8 10 R
10 9 X
