318
203
18 25 U
11 25 L
14 26 R
6 36 L
11 26 R
9 28 R
4 16 U
18 29 X
10 16 D
7 14 R
4 6 L
12 6 L
11 4 R
10 1 D
8 24 U
1 21 D
18 24 U
18 27 U
8 19 L
17 2 L
3 19 L
10 14 D
12 18 D
18 18 U
14 2 L
10 34 U
6 13 D
8 5 U
18 10 L
10 13 D
10 22 U
8 30 D
16 10 L
13 2 L
4 13 U
6 19 L
10 11 D
10 33 U
1 3 L
6 12 U
1 36 L
9 36 L
5 30 U
9 16 L
12 13 D
14 13 D
14 19 R
4 18 D
5 23 D
7 16 R
18 23 U
7 34 R
10 7 D
6 14 U
15 2 L
13 21 U
16 29 U
6 6 D
9 6 R
16 2 L
16 8 L
6 28 R
14 17 U
12 2 L
10 18 U
12 8 L
2 1 U
14 8 L
15 10 L
5 21 D
4 3 R
16 20 U
18 14 U
14 35 R
8 13 D
10 12 U
3 36 L
8 32 D
16 36 U
18 12 U
18 16 U
1 7 R
10 29 D
10 31 U
15 34 L
16 6 L
14 29 U
16 15 D
3 32 D
13 10 L
14 6 L
13 32 L
14 11 D
10 3 D
8 27 X
15 26 R
1 19 L
9 3 U
2 17 L
13 25 D
2 5 D
12 10 L
2 12 U
10 20 U
12 35 D
12 32 L
7 33 U
8 10 R
18 4 R
15 31 U
4 11 U
14 34 U
6 8 X
12 11 D
12 16 D
8 26 U
12 23 R
3 8 U
4 20 U
18 2 R
14 23 R
13 33 D
15 4 L
17 31 U
12 28 R
16 24 L
7 21 L
16 13 D
4 15 D
4 34 L
10 30 D
8 22 R
3 23 R
10 8 U
10 24 U
10 35 D
8 16 R
9 10 R
7 25 U
1 10 R
1 27 R
18 22 U
10 9 D
4 17 D
6 10 R
7 2 D
15 6 R
14 15 U
18 21 U
6 24 U
4 36 L
13 4 R
1 25 L
8 8 L
2 34 U
7 19 L
6 3 R
7 32 U
12 20 U
17 4 L
16 17 U
12 34 U
13 27 U
12 25 R
8 36 L
7 12 L
17 6 L
10 17 U
6 16 L
13 36 U
8 1 D
10 26 U
11 32 L
17 34 U
2 29 U
7 31 U
10 15 D
8 20 R
16 26 D
7 30 L
3 21 D
18 6 R
8 4 U
8 14 R
6 20 U
7 23 L
6 22 U
3 25 D
18 36 X
5 32 R
1 23 D
6 26 U
9 25 U
3 27 L
8 28 R
10 2 U
17 10 L
18 8 X
18 11 U
18 20 X
8 31 X
1 15 R
18 17 U
