310
203
14 4 R
2 30 U
4 18 D
17 19 L
12 10 L
3 10 R
18 6 L
15 31 L
14 23 R
8 14 D
18 12 U
9 16 R
5 16 R
10 24 D
10 14 D
18 10 L
7 25 R
12 25 R
13 19 L
17 8 R
6 3 R
7 8 X
15 19 R
4 20 U
1 21 D
18 23 U
14 29 D
10 12 U
7 31 U
2 6 D
12 14 D
8 33 D
15 34 L
7 33 U
9 3 L
18 34 X
16 16 D
7 21 U
4 34 R
7 34 R
8 5 R
17 2 L
7 14 R
9 10 R
18 14 U
14 34 U
14 13 D
12 16 D
4 12 U
12 12 D
1 36 L
17 28 L
14 11 U
10 31 D
1 19 L
1 23 L
1 25 L
10 20 D
11 36 L
10 34 D
7 12 L
4 15 D
18 2 L
6 22 U
18 36 X
3 23 L
9 23 U
12 2 R
8 19 L
10 1 D
16 36 L
8 10 R
14 30 U
6 28 R
6 7 X
6 19 L
6 36 L
16 8 L
10 32 U
15 6 L
18 32 X
12 28 R
3 14 L
1 27 L
10 11 D
18 25 U
18 30 X
3 36 L
4 3 R
8 16 R
18 4 L
13 20 D
12 32 L
5 31 U
9 9 L
4 28 R
15 2 L
16 26 D
12 22 D
16 4 R
16 33 R
17 6 R
18 21 U
16 14 U
9 36 L
10 5 D
1 15 R
8 34 D
10 30 D
6 24 R
10 18 U
3 8 U
4 6 L
13 36 U
8 26 L
12 8 L
1 10 L
10 17 D
13 21 D
4 14 D
18 17 U
16 2 R
13 6 L
16 32 L
9 21 L
3 21 D
16 12 U
8 1 R
10 13 D
14 32 L
16 10 L
6 10 R
8 8 L
8 13 D
14 26 R
12 18 U
6 14 R
3 32 D
6 12 U
7 16 R
1 3 D
10 15 U
12 20 R
5 25 U
14 17 D
11 8 L
6 16 R
10 9 D
2 17 R
14 15 U
4 16 U
10 16 D
10 26 U
14 8 R
12 4 R
10 27 D
7 23 U
9 19 X
18 8 L
15 8 R
3 25 L
2 1 U
7 30 L
15 21 D
8 24 U
13 2 L
6 26 U
12 23 R
8 28 R
13 33 D
10 21 D
12 17 D
2 34 U
6 20 D
7 19 L
10 29 U
14 2 L
5 21 L
6 13 D
8 31 D
10 7 U
8 30 D
7 32 U
13 8 R
9 25 L
13 32 L
8 4 L
8 20 R
10 22 U
6 6 L
8 36 L
10 3 D
8 22 U
16 24 L
18 11 U
18 15 U
4 26 U
18 24 U
11 23 L
18 22 U
18 13 U
2 12 R
7 7 L
