315
207
17 28 L
18 10 L
6 22 U
4 6 U
8 34 D
9 10 R
4 20 R
7 7 L
4 3 R
6 19 L
3 27 L
8 13 D
16 15 D
15 28 R
4 13 U
8 30 L
8 4 U
2 5 D
6 6 L
8 12 D
18 17 U
15 22 U
3 29 D
8 8 L
6 10 R
9 9 L
4 15 D
1 36 L
10 10 X
13 8 R
1 21 D
10 14 U
18 4 R
12 16 D
12 15 D
2 33 U
6 16 R
10 3 D
12 2 R
9 23 U
11 25 L
6 14 U
10 5 D
10 12 D
10 35 D
11 8 L
18 2 R
16 10 L
1 7 R
16 8 L
15 2 L
10 16 D
18 16 U
13 33 D
13 6 R
13 4 L
16 36 L
17 6 L
7 23 R
5 28 R
10 21 D
3 8 U
12 35 D
15 6 L
18 31 X
18 35 X
14 19 R
1 14 L
1 19 L
8 22 D
7 14 R
4 17 D
7 12 R
3 36 L
14 10 L
15 34 L
16 30 R
8 20 U
10 2 U
3 10 R
16 17 U
8 19 L
6 26 U
14 2 L
18 24 U
8 14 R
16 13 U
14 6 R
14 16 D
18 23 U
7 32 U
13 36 D
17 20 R
10 33 U
7 19 L
18 14 U
18 12 U
8 16 R
10 30 U
2 12 R
13 2 L
6 12 U
14 14 D
8 26 D
7 21 R
9 21 U
7 2 R
18 22 U
14 32 L
16 2 R
10 34 D
8 31 D
14 17 U
3 31 D
3 1 X
18 25 U
7 28 R
1 3 D
5 25 U
6 30 L
6 34 L
13 26 U
18 13 U
16 26 D
16 24 L
14 12 U
9 25 L
1 23 L
1 25 L
4 12 U
17 4 L
8 36 L
10 9 D
12 6 L
12 22 L
2 17 L
9 3 U
15 4 L
5 32 U
15 19 R
10 1 D
18 26 X
10 20 U
8 10 R
12 10 L
13 32 L
1 10 L
18 18 U
14 30 U
17 2 L
18 33 X
6 3 R
3 25 L
12 11 D
12 20 U
14 15 D
7 31 U
4 34 L
12 34 D
8 32 D
9 19 L
14 26 R
9 6 U
13 24 D
7 27 L
16 6 L
6 13 U
10 17 U
12 32 L
7 10 R
8 1 D
4 22 U
10 18 D
12 17 U
1 27 R
18 6 R
18 8 X
12 13 U
10 4 X
12 28 R
12 18 D
6 36 L
10 27 D
7 36 L
9 36 L
18 11 U
11 10 R
10 22 D
4 18 U
6 24 L
8 5 U
5 10 R
17 10 L
6 20 R
10 29 U
5 36 L
10 31 D
4 36 L
14 18 D
10 7 U
16 11 U
8 24 R
7 25 U
7 16 R
10 15 D
8 9 X
9 16 L
