234
131
1 8 L
5 11 L
1 18 L
18 1 R
24 19 D
22 8 U
28 10 D
26 20 R
7 26 U
21 27 U
7 7 X
4 16 R
16 26 L
22 15 X
22 17 R
17 19 L
6 25 L
4 21 R
7 18 L
30 11 L
9 15 L
13 17 X
2 1 U
8 20 R
7 12 R
18 9 R
13 6 L
29 8 D
15 20 L
30 23 U
23 13 U
12 29 U
30 6 U
28 2 L
9 9 R
8 15 R
13 18 R
1 27 L
16 14 L
28 4 R
18 14 X
5 28 R
14 2 D
19 14 R
27 27 U
27 29 D
23 24 L
2 15 R
6 21 L
23 11 L
16 8 U
14 3 R
5 24 U
11 16 D
20 3 R
1 29 L
26 14 D
11 8 D
18 22 L
8 5 U
25 8 U
17 30 L
1 6 R
5 14 D
20 17 L
11 21 D
2 3 U
29 30 L
8 17 L
8 9 R
20 7 L
15 4 U
5 13 U
15 28 X
24 20 R
13 20 R
25 20 L
11 17 R
3 25 R
20 28 L
14 11 L
4 4 R
18 5 D
16 30 L
30 15 R
22 6 L
29 3 R
18 26 R
6 16 U
11 2 D
29 25 D
9 13 R
4 23 D
27 16 U
21 20 L
13 27 U
12 24 R
15 21 U
20 30 L
29 2 D
25 16 U
17 24 L
10 27 X
20 19 U
26 28 R
27 18 R
26 3 R
13 14 R
21 22 R
3 13 R
9 22 R
10 24 R
18 7 R
27 26 L
4 2 L
15 18 R
7 8 U
22 4 R
28 12 L
10 30 L
22 19 R
17 16 D
2 11 L
4 7 X
30 4 U
24 30 D
25 6 L
20 14 D
25 10 U
29 5 U
14 23 D
