226
139
7 16 R
12 11 L
9 18 R
18 6 U
15 13 R
27 16 U
21 11 L
28 14 L
5 7 L
30 6 U
25 18 R
26 23 D
18 15 R
20 14 D
28 28 R
10 6 D
10 12 L
19 12 L
22 15 X
18 11 L
16 17 R
12 7 R
26 11 L
23 17 R
10 21 L
28 10 U
30 20 R
21 7 R
19 24 X
3 13 R
1 2 L
20 9 R
15 20 L
13 20 R
16 30 L
6 5 D
29 1 U
25 16 U
5 26 D
24 30 D
19 2 L
5 15 R
7 22 X
27 18 R
4 4 R
29 3 R
21 27 U
17 22 R
29 17 R
13 25 U
19 20 L
29 27 D
1 4 L
23 11 L
7 8 U
9 9 R
2 11 L
20 30 L
4 19 X
6 13 R
14 23 D
2 29 R
2 25 X
3 21 L
5 9 R
2 27 R
6 21 L
1 13 X
10 8 U
14 22 L
17 19 L
10 16 X
14 30 L
3 15 L
14 9 R
25 6 L
27 4 U
15 6 U
30 11 L
11 2 D
11 19 L
26 14 D
7 12 L
16 28 R
7 23 R
1 20 L
14 7 L
10 14 L
21 24 L
8 30 L
1 22 R
14 1 U
11 27 D
13 16 D
8 25 D
6 3 L
29 22 R
4 29 L
23 13 U
8 14 D
24 29 U
21 3 L
17 3 R
13 14 R
17 20 U
3 6 U
21 12 X
30 24 R
23 15 X
27 21 U
30 18 U
14 28 L
9 28 X
8 23 D
8 9 R
4 10 U
8 26 R
2 21 R
11 1 U
12 5 D
12 29 U
13 12 L
16 26 L
17 2 D
17 11 L
18 5 D
23 3 R
24 23 U
24 26 D
26 1 U
26 5 U
26 8 D
5 24 U
28 24 R
28 27 X
28 30 L
10 28 R
5 1 U
24 3 L