210
136
4 8 U
1 10 R
5 22 R
19 27 L
28 14 L
29 2 D
7 8 U
9 24 R
2 17 U
17 1 U
24 20 R
19 9 X
13 27 U
25 12 L
17 2 D
19 16 U
23 30 L
5 14 D
7 16 D
1 18 R
5 28 U
3 1 R
6 18 U
27 29 D
8 30 L
13 4 R
25 16 L
1 25 R
24 23 U
26 19 D
9 15 L
5 5 L
22 7 X
6 28 D
3 21 R
20 20 R
21 3 L
17 13 U
25 22 L
4 14 L
27 26 L
19 29 R
17 8 D
26 2 D
14 15 U
12 19 D
10 10 D
14 2 D
27 22 R
15 18 D
2 3 R
15 26 L
14 7 L
17 21 D
30 26 R
16 14 U
24 24 R
21 18 R
17 17 R
20 23 D
3 6 U
23 3 R
15 20 L
25 10 U
30 4 U
16 12 X
26 15 R
12 20 R
16 23 U
11 30 L
10 19 U
23 15 X
5 2 D
21 26 L
26 5 U
15 29 D
18 23 U
16 26 L
29 9 R
8 11 U
15 21 U
30 6 X
24 3 L
6 29 U
18 5 D
14 9 R
27 7 R
5 24 D
7 26 U
10 17 R
8 19 U
17 28 R
6 13 D
16 4 D
4 4 R
12 11 D
20 5 L
20 14 D
2 15 R
6 6 U
2 23 U
7 4 R
3 18 U
28 19 R
29 7 L
5 11 L
9 22 R
23 5 U
19 3 X
9 5 D
3 30 U
30 15 R
10 8 U
28 4 R
20 8 D
20 1 U
13 25 R
29 11 U
4 26 U
25 3 X
7 25 L
23 8 D
8 1 U
22 21 L
18 11 D
11 22 R
23 17 R
29 28 R
29 30 X
21 9 R
21 11 D
8 20 R
29 22 R
1 8 L
25 6 D
10 6 D
