388
207
2 30 U
18 23 U
8 31 D
12 12 U
4 16 U
5 28 R
13 10 L
10 1 U
12 16 D
18 16 U
17 19 L
12 6 R
14 8 L
8 22 R
7 27 L
14 35 U
8 20 R
10 31 D
6 14 U
16 26 D
12 32 L
1 23 L
13 36 U
14 6 L
7 12 R
10 3 D
3 23 D
12 23 R
14 19 R
7 10 R
7 32 U
3 30 D
16 10 L
7 2 D
8 32 D
7 34 R
17 6 L
6 12 U
5 36 L
8 14 R
10 15 U
15 23 D
1 10 R
9 25 U
14 18 U
9 3 L
16 15 U
8 34 D
12 18 D
4 12 U
2 34 R
10 16 D
10 8 U
13 32 L
12 20 R
9 10 R
14 10 L
18 2 L
3 31 D
4 3 R
18 17 U
5 23 L
16 17 U
8 8 L
18 10 L
14 30 R
12 22 U
14 17 U
16 36 L
3 21 L
12 4 L
10 21 D
4 24 U
7 25 L
14 2 L
8 26 D
2 12 L
6 22 L
7 16 L
16 20 R
8 24 R
10 24 U
8 4 L
14 4 L
8 12 D
10 9 D
10 5 D
18 25 U
1 21 D
18 12 U
10 7 D
6 1 X
2 17 L
10 4 X
4 36 L
1 14 L
9 19 L
10 34 D
4 34 L
9 23 L
7 8 X
10 17 D
5 27 L
10 12 U
3 14 L
18 8 L
18 27 U
12 25 L
7 33 U
6 34 R
11 36 L
18 4 L
1 25 L
6 13 U
2 26 U
1 36 L
4 20 R
8 10 R
1 19 L
3 28 X
18 22 U
5 3 R
7 28 R
9 16 R
4 26 L
9 6 R
18 36 X
1 27 L
10 26 U
12 14 D
15 22 U
18 24 U
8 36 L
18 30 X
10 13 U
4 22 U
12 11 D
10 20 D
15 2 L
18 14 U
12 13 U
6 30 L
2 33 U
18 31 X
15 19 L
8 27 X
16 29 U
1 7 D
16 33 U
4 7 U
11 25 L
8 16 R
18 18 U
15 35 R
7 7 L
6 27 X
8 5 U
18 13 U
5 2 X
14 13 U
12 15 U
2 32 U
17 10 L
2 31 U
12 2 L
6 26 L
3 36 L
10 14 U
7 21 R
4 17 D
9 21 L
14 12 U
7 31 U
6 10 R
6 16 R
13 28 R
6 36 L
16 12 U
18 15 U
10 11 D
13 23 L
14 34 L
9 4 X
10 23 X
9 27 L
15 24 R
6 20 D
8 30 L
13 33 R
8 13 U
1 3 L
13 24 D
11 28 L
17 20 R
7 14 L
10 29 D
3 10 R
16 11 U
16 13 U
16 24 L
5 6 L
17 34 U
7 30 L
8 28 R
10 22 U
2 5 D
8 1 R
