473
141
13 42 X
9 15 X
18 33 X
20 42 X
16 30 X
18 35 X
18 23 X
19 22 X
5 1 X
14 13 X
11 37 D
36 22 D
9 20 X
4 23 L
26 35 L
38 22 D
21 39 L
17 7 X
16 26 U
13 17 X
34 20 X
3 9 X
15 22 R
38 26 L
27 38 D
19 32 X
14 37 U
6 25 X
4 1 X
15 40 L
22 28 X
15 15 X
25 7 L
16 35 U
38 13 X
37 17 U
27 16 X
2 25 X
38 28 X
29 11 L
32 37 X
36 38 R
36 26 X
3 36 R
21 7 X
22 13 X
28 7 X
10 35 D
5 9 X
17 15 X
37 5 X
24 17 X
24 29 D
38 38 R
35 33 X
21 30 L
1 20 X
3 24 L
22 37 D
33 23 R
7 38 D
34 42 L
39 31 X
23 32 L
4 13 X
31 11 U
3 3 X
8 27 U
13 1 X
9 38 U
29 3 X
34 17 X
11 31 U
25 13 X
6 13 X
39 3 R
30 18 X
10 9 X
25 24 X
17 1 X
4 24 X
12 33 D
33 40 D
9 19 X
29 23 R
5 40 U
28 42 X
21 25 L
31 13 D
25 31 R
28 30 D
14 5 X
9 40 L
38 19 X
10 34 X
5 23 D
6 5 X
22 2 R
19 9 X
1 11 X
1 1 X
23 8 X
27 28 D
15 19 X
31 29 X
11 42 X
23 5 L
10 25 R
36 42 L
13 31 L
7 7 X
36 11 X
4 28 D
3 7 X
5 3 X
23 33 U
8 1 X
33 19 X
34 1 X
18 13 X
2 41 L
5 31 L
11 29 L
22 18 X
1 38 D
25 39 L
4 26 D
12 39 R
15 30 U
1 3 X
21 21 L
23 30 R
17 10 X
5 37 D
27 7 R
25 21 R
31 24 R
17 37 X
37 36 D
9 24 L
9 5 X
