371
251
8 21 L
1 2 D
8 3 L
15 22 D
11 15 R
7 10 L
15 20 R
4 19 D
5 8 L
5 24 L
22 11 R
8 22 R
9 15 L
22 7 U
18 7 L
23 21 D
23 4 U
2 20 D
25 5 L
4 13 L
6 14 X
13 23 D
15 5 L
19 20 U
24 24 L
21 17 U
6 13 U
3 4 U
3 23 L
15 24 L
11 12 U
19 15 R
1 8 L
7 23 U
11 19 R
3 19 L
3 15 D
3 3 L
2 3 R
15 12 L
5 10 L
7 22 L
6 5 L
2 11 L
11 2 D
23 19 D
17 2 L
23 17 U
18 25 D
12 21 L
16 7 R
9 23 U
18 16 L
12 24 U
23 9 U
11 11 L
22 24 D
2 9 D
10 9 R
14 2 R
12 25 U
16 18 R
22 18 L
21 5 U
20 16 U
12 13 L
4 1 U
5 16 L
7 18 U
12 19 D
17 5 L
10 2 R
6 15 R
25 16 L
6 17 L
25 12 U
24 1 D
17 18 R
24 14 L
15 8 D
1 20 L
21 20 L
20 12 D
25 20 R
10 24 R
5 4 R
22 13 R
20 6 U
8 13 X
4 17 L
20 13 U
16 10 L
3 21 L
19 17 R
3 25 D
25 18 R
13 9 U
2 1 U
10 17 R
8 25 D
20 7 R
13 20 D
18 4 R
25 6 U
24 9 D
7 4 U
2 15 L
21 15 R
3 6 L
4 3 D
16 14 R
9 8 U
2 8 X
12 16 L
5 12 L
14 1 U
12 17 R
25 23 U
8 12 L
21 11 L
17 3 R
1 6 D
16 25 X
22 3 D
18 11 U
20 22 D
15 25 X
24 7 D
11 14 D
21 21 U
20 10 U
7 6 L
5 20 U
10 22 L
4 4 R
7 14 R
4 9 R
24 25 X
11 8 R
18 1 U
15 10 L
12 23 L
1 3 R
24 22 D
6 21 U
5 2 U
20 3 U
17 21 U
19 14 U
6 9 L
22 15 R
9 22 L
9 19 U
23 15 R
6 10 X
22 5 R
8 16 L
18 9 R
13 6 L
19 23 D
16 16 L
14 5 R
14 9 R
12 3 L
9 20 R
3 17 R
19 24 U
7 20 L
14 17 L
19 11 D
7 24 R
21 25 U
19 4 D
13 22 L
3 8 L
24 8 U
1 11 R
23 23 L
13 7 R
13 12 D
16 12 L
3 14 L
4 23 L
7 13 X
8 1 U
17 12 L
18 13 L
10 4 R
9 9 R
1 22 D
19 7 R
23 18 X
16 17 U
21 2 U
6 11 D
10 7 L
21 13 L
17 6 U
14 21 R
9 4 L
14 25 U
5 18 L
10 16 L
19 22 L
7 8 R
17 23 L
18 2 R
14 18 D
2 21 U
5 6 U
13 14 R
15 16 L
8 18 L
16 5 L
13 4 L
20 1 U
23 6 L
25 10 U
13 17 R
6 19 R
9 5 R
17 16 L
16 1 U
9 7 U
1 10 L
8 9 U
6 25 U
20 14 R
15 19 L
1 15 R
11 21 R
24 15 R
2 13 U
11 6 D
15 2 R
14 4 D
9 24 R
11 17 R
12 11 D
25 8 L
25 2 R
18 19 D
22 8 R
20 20 L
23 12 L
17 10 L
1 18 R
22 22 D
25 24 X
1 24 L
12 10 U
