301
117
19 17 X
3 19 R
8 15 R
4 10 U
24 26 D
8 19 U
27 11 L
3 15 L
3 4 U
5 9 R
12 4 U
29 30 L
14 24 X
27 30 X
5 28 U
17 7 L
28 7 X
10 15 X
7 27 R
30 1 R
11 27 D
10 4 R
24 23 X
22 4 R
2 1 U
21 18 R
6 16 U
11 13 X
3 3 L
17 25 D
21 11 D
28 16 X
11 5 R
9 17 X
4 21 R
1 30 D
9 20 L
6 3 L
20 3 R
28 23 U
28 6 L
30 30 X
8 20 R
14 12 X
19 8 U
22 10 U
4 12 R
16 9 X
5 8 D
13 20 L
17 1 U
22 14 L
4 2 L
1 20 L
22 2 L
9 16 X
10 14 L
9 30 X
25 17 X
15 21 X
20 20 R
26 22 L
26 19 U
12 29 U
11 9 R
22 21 L
21 13 R
15 26 L
26 26 R
9 13 R
17 21 X
8 5 L
25 2 L
6 25 L
23 9 R
14 30 L
1 29 L
24 12 X
24 5 D
3 27 L
7 18 L
16 12 R
16 28 R
28 14 L
24 24 R
16 10 D
28 19 U
25 29 D
22 23 D
21 24 L
8 9 R
5 14 D
23 27 D
30 28 L
25 8 U
18 23 U
2 17 L
12 6 X
29 28 X
18 15 D
29 26 X
15 3 L
15 4 U
15 13 R
6 18 X
26 3 R
23 26 X
26 7 L
29 19 L
29 21 D
30 24 R
11 28 X
1 2 R
19 4 R
1 14 X
17 5 U
21 9 L
