264
129
30 12 X
9 26 L
29 16 D
5 8 D
13 10 D
8 13 U
4 29 D
5 22 U
5 17 R
17 11 L
23 5 L
20 20 R
18 20 R
16 6 L
28 16 X
27 30 X
5 2 D
13 2 L
13 12 L
11 3 R
4 9 X
23 16 D
10 23 U
9 11 D
10 10 D
8 5 U
27 21 U
1 8 L
6 25 R
15 16 U
14 8 D
20 15 R
2 11 U
25 18 R
18 9 R
20 11 L
29 28 R
13 25 U
20 23 D
10 17 R
26 25 D
11 5 U
8 23 D
15 13 D
16 24 R
1 12 L
6 28 D
28 6 L
21 30 X
24 29 U
10 19 L
19 18 R
2 27 R
2 17 R
11 12 X
27 18 R
26 28 R
24 1 D
7 3 X
24 30 D
28 24 R
25 12 L
30 26 R
5 20 D
24 26 D
4 23 D
28 10 U
2 9 R
5 5 U
18 7 R
20 26 R
22 28 R
26 18 X
2 29 R
1 2 L
6 6 U
11 30 L
15 11 D
26 19 D
13 18 R
9 7 R
2 20 D
15 4 U
16 27 X
20 19 D
29 30 L
14 23 D
7 23 R
4 25 L
11 27 D
13 20 L
4 4 D
16 21 L
10 2 U
25 6 D
30 3 L
30 9 R
3 21 R
29 15 X
22 22 X
7 29 D
8 18 X
30 18 U
17 20 U
5 9 R
27 12 X
2 19 L
23 9 R
24 23 U
21 3 L
18 14 X
17 1 U
12 15 D
29 8 D
29 22 R
22 24 R
22 26 L
23 11 U
9 18 R
22 8 U
25 4 R
25 20 R
10 21 L
5 14 D
19 3 X
3 16 U
6 7 R
8 7 L
25 28 X
