78
154
4 10 U
26 30 U
22 8 U
11 20 U
28 4 R
27 11 L
1 16 R
5 15 R
22 19 R
11 1 U
24 6 U
26 1 U
25 27 D
20 25 D
10 12 R
13 20 R
1 18 R
3 3 L
21 5 D
7 18 L
28 30 L
20 7 L
5 13 U
21 27 U
9 9 R
6 6 U
9 20 L
20 22 L
5 22 U
25 25 R
19 27 U
9 15 L
26 17 L
15 9 R
11 9 R
14 22 L
26 3 R
18 24 R
25 14 R
27 26 L
16 17 R
25 12 L
4 8 U
14 11 L
22 23 U
29 13 U
7 2 L
23 21 D
2 14 D
2 11 U
12 22 L
10 30 L
12 4 U
12 29 U
8 5 L
15 3 L
8 25 D
2 9 R
13 18 R
6 9 L
12 24 R
22 12 L
1 29 L
6 27 L
4 6 L
19 12 L
28 8 U
18 15 D
16 21 L
24 23 U
27 15 L
8 28 R
17 28 R
5 24 U
2 5 L
3 30 U
23 30 L
29 21 D
7 16 D
10 26 L
7 23 R
20 17 L
22 2 U
22 10 U
10 4 R
6 29 U
18 20 R
17 8 D
7 20 L
17 11 U
22 17 R
14 28 L
8 11 U
17 5 R
21 29 U
29 16 D
23 25 U
27 6 U
26 20 R
2 21 R
25 8 U
24 19 D
25 10 D
17 3 R
13 6 L
18 30 D
3 19 R
15 6 U
6 4 U
16 19 U
20 1 U
15 24 L
21 15 L
14 30 U
30 18 U
7 14 U
23 27 D
8 7 L
11 7 L
20 19 U
13 2 U
19 10 D
28 23 U
16 14 L
2 7 U
14 14 D
23 15 X
13 16 L
30 26 L
19 4 R
18 18 U
29 8 D
24 3 L
9 18 D
1 27 L
13 8 U
15 26 L
30 3 L
10 23 U
28 2 U
4 12 L
4 26 U
30 23 U
29 28 R
5 20 D
1 24 L
5 2 D
17 1 U
3 28 D
21 13 D
11 16 D
29 7 L
7 21 D
30 11 L
