303
123
7 4 D
5 26 D
13 17 X
30 18 U
30 5 X
30 3 L
24 19 D
8 18 X
1 16 R
30 23 U
29 11 U
22 6 D
4 12 R
1 2 R
26 11 U
9 16 U
10 15 X
25 13 X
23 9 R
1 29 L
15 3 L
12 1 D
21 13 D
23 15 X
16 12 R
23 16 D
23 22 R
3 3 L
25 25 U
20 23 D
22 22 X
22 2 U
11 11 U
9 24 R
11 7 L
6 7 R
23 8 D
19 10 U
7 18 R
20 1 U
22 19 U
4 16 D
27 30 X
28 12 R
12 11 L
2 13 X
22 4 D
21 18 D
2 20 X
30 29 U
8 9 R
7 3 X
5 2 D
16 14 X
14 3 R
17 30 L
25 14 R
14 14 D
29 12 X
30 11 L
14 11 U
19 2 U
10 24 R
20 5 R
4 7 X
21 27 U
17 19 L
5 20 D
16 26 L
2 11 U
2 21 X
26 17 L
11 26 X
27 1 D
18 5 D
8 30 L
10 9 X
11 3 R
15 1 D
11 19 L
22 30 L
13 27 D
12 4 X
7 26 X
19 4 X
15 9 R
14 15 U
17 7 L
15 26 L
14 30 U
20 28 R
4 29 D
17 21 D
3 12 X
26 8 X
2 7 U
26 1 U
9 3 L
11 8 D
15 16 U
21 6 X
24 3 L
11 20 U
4 10 D
24 29 U
27 22 R
27 24 R
27 27 U
27 29 D
15 20 D
8 19 D
1 27 L
3 21 R
3 28 U
5 14 D
5 22 U
7 23 R
20 7 X
17 25 D
24 18 U
4 18 L
1 12 X
26 2 D
