259
122
25 27 U
2 17 L
17 1 U
4 29 D
15 11 D
28 19 R
25 29 R
11 21 D
30 20 R
23 30 L
20 25 D
5 5 R
13 6 L
10 26 L
7 18 L
9 27 U
19 4 R
28 4 R
13 24 X
21 20 L
22 27 X
9 11 L
2 9 R
1 22 D
14 5 R
19 8 U
14 30 L
27 21 U
14 19 U
4 10 U
30 13 X
16 6 L
8 2 D
22 14 L
26 15 R
16 30 L
26 8 D
25 22 L
26 26 U
1 25 R
1 14 X
3 6 U
27 11 L
20 7 L
30 22 L
4 18 L
6 23 R
13 27 U
1 30 D
17 20 U
25 13 X
22 17 R
22 3 X
7 30 X
12 18 U
23 14 X
23 16 D
18 26 R
20 28 L
20 2 D
24 11 D
4 25 L
6 22 X
14 8 D
11 19 L
6 15 L
26 9 R
28 30 L
8 8 D
17 28 R
16 23 U
4 20 U
10 15 X
2 2 D
5 3 R
19 6 L
10 17 R
30 3 L
28 14 L
10 27 X
1 12 L
23 9 R
12 19 D
11 5 L
18 3 L
21 21 U
29 28 R
30 7 R
11 2 D
26 25 D
17 11 L
11 13 U
22 2 L
19 14 R
9 24 L
18 23 U
18 19 D
20 8 D
8 13 U
25 10 U
22 23 D
3 15 L
15 3 L
25 2 U
13 29 R
24 5 D
21 29 U
2 27 R
21 6 U
15 30 X
20 11 L
29 2 D
13 18 R
17 8 D
10 10 D
15 26 L
29 24 L
24 7 R
6 28 D
8 26 R
6 1 R
12 26 L
