255
125
5 30 L
3 4 U
6 23 R
11 12 X
27 5 D
29 21 D
30 12 X
23 19 L
14 22 L
1 20 L
4 6 L
16 6 L
10 30 L
6 11 L
15 29 U
6 5 D
27 11 D
15 15 L
14 1 U
12 22 L
20 19 U
8 25 D
1 27 L
24 23 U
21 6 U
20 3 R
28 26 L
5 9 R
16 22 X
18 30 D
18 17 L
16 8 U
4 26 U
29 25 U
11 16 D
4 27 R
8 2 D
2 7 L
20 28 L
3 17 D
16 19 R
8 20 R
21 4 U
9 13 R
17 14 X
28 10 R
1 25 R
17 11 L
22 26 L
17 1 U
18 5 D
18 18 U
17 28 R
17 8 D
12 7 R
26 7 L
25 20 L
4 10 U
8 28 R
25 9 X
6 21 L
24 24 R
12 5 D
7 6 L
5 17 L
16 24 R
21 20 L
11 27 D
6 18 U
20 11 L
11 9 R
11 3 R
13 14 R
14 23 D
25 27 U
14 24 X
9 16 U
1 16 D
27 21 U
8 24 U
15 26 L
29 9 R
24 11 L
20 15 U
12 29 U
12 24 R
24 30 D
28 23 U
7 2 L
7 8 U
15 11 L
19 22 L
11 22 R
3 15 L
6 15 L
23 7 L
13 20 L
22 4 R
30 19 X
2 2 D
6 17 D
27 15 L
2 11 L
21 9 L
22 24 R
14 2 D
5 8 D
19 9 X
23 14 X
23 13 U
19 10 U
15 4 U
4 23 R
10 19 U
23 16 D
25 18 R
22 30 L
27 4 U
30 6 U
29 8 D
25 16 D
30 24 R
30 28 L
22 12 L
13 12 L
