82
154
25 6 L
22 30 L
30 4 U
11 28 R
26 20 R
3 21 R
4 16 D
2 3 U
26 2 D
4 12 L
8 14 D
13 27 L
5 14 D
5 1 U
11 11 U
11 25 D
12 7 R
17 9 R
19 4 D
29 30 L
29 2 D
14 11 L
3 1 R
15 9 L
21 27 U
28 6 L
16 26 L
29 24 L
25 18 R
22 21 L
24 15 R
25 27 L
13 18 R
30 26 L
27 29 D
9 18 R
8 1 U
15 13 R
9 11 L
19 10 D
3 24 D
30 17 L
11 5 L
1 22 D
12 22 L
2 29 L
22 19 U
12 15 D
4 26 U
20 7 L
26 25 D
30 20 R
17 13 U
26 23 D
19 14 R
13 20 R
4 18 L
7 10 D
28 17 R
27 11 L
2 19 U
24 29 U
18 26 D
23 27 D
7 6 L
9 6 U
21 13 D
7 8 U
10 14 L
1 16 R
22 24 R
18 22 L
23 12 X
2 5 L
7 16 D
8 28 R
11 19 L
15 3 L
7 23 R
10 2 U
29 13 U
20 25 D
30 28 L
5 30 L
17 11 U
16 17 R
23 1 U
23 5 R
25 8 U
23 3 R
27 27 U
24 23 U
18 7 R
6 18 U
18 18 U
29 11 L
20 2 D
6 28 D
29 8 D
1 27 L
4 6 L
17 20 U
17 3 R
10 23 D
15 21 U
8 26 R
24 20 R
25 12 L
2 7 L
14 25 D
20 23 D
16 6 L
26 14 D
22 17 R
28 21 L
22 8 U
1 24 L
18 30 D
28 8 U
20 20 R
9 21 U
6 4 U
13 4 D
17 28 R
5 22 U
3 9 R
21 5 D
16 23 D
12 9 R
14 7 L
5 9 R
13 2 L
6 3 L
20 30 L
10 8 U
25 10 U
27 4 U
14 15 R
7 12 R
10 30 L
13 29 R
7 20 U
15 29 D
1 12 L
10 16 X
21 15 L
19 16 U
28 19 U
8 3 R
22 10 U
5 24 L
14 23 D
2 15 R
6 19 D
