87
153
24 9 R
14 8 D
5 26 D
29 16 D
4 18 D
4 23 R
22 10 D
13 12 L
15 6 U
24 17 L
20 5 U
27 16 U
2 26 D
28 4 D
21 15 L
30 3 L
16 23 D
22 28 R
25 25 R
7 25 L
5 11 U
29 13 U
11 21 D
1 30 D
25 12 L
26 19 D
7 6 L
9 15 L
25 27 U
4 2 L
7 4 D
28 6 L
19 27 D
2 3 R
11 28 R
23 3 R
17 27 D
2 15 R
8 8 D
17 3 R
17 9 R
22 2 U
4 16 R
27 11 D
11 7 L
3 28 D
14 1 U
28 28 R
2 19 U
20 30 L
1 22 D
1 12 L
1 10 D
10 4 R
26 8 D
15 12 X
21 26 L
19 10 D
16 19 U
7 27 R
29 8 D
25 29 D
9 6 U
23 5 U
5 20 D
18 15 R
6 29 U
29 20 U
21 18 R
16 21 L
2 17 U
8 20 R
6 16 U
7 18 L
5 14 D
17 11 U
6 23 U
27 13 R
3 11 L
13 29 R
30 28 L
18 1 D
12 24 R
4 4 D
22 24 R
28 2 L
20 22 L
17 25 U
13 18 R
24 22 L
10 19 U
8 1 U
10 10 U
30 26 L
21 20 D
5 7 L
18 6 U
12 5 D
1 24 L
20 15 U
19 20 R
22 23 U
9 24 L
14 23 D
22 8 U
3 9 L
2 7 U
30 6 U
25 2 U
7 14 L
29 11 L
29 22 R
21 13 D
18 18 U
27 21 U
10 21 L
13 14 R
18 30 D
6 1 R
23 24 L
10 2 L
8 30 L
26 5 U
11 13 U
25 14 R
8 11 U
3 21 L
20 7 L
16 17 R
15 29 D
12 3 L
17 8 D
12 9 R
14 25 D
15 4 U
15 15 L
13 27 D
6 9 L
24 7 R
9 27 U
23 19 L
14 20 R
20 3 R
30 18 U
10 30 L
23 30 L
19 12 L
26 23 D
22 17 R
28 26 L
7 20 L
11 16 D
13 16 D
