252
126
25 9 X
27 11 D
12 29 U
15 4 U
30 15 R
23 14 X
11 13 U
30 24 R
22 26 L
25 16 D
15 26 L
29 3 R
11 16 D
20 11 L
25 27 U
24 23 U
1 27 L
21 20 L
17 14 X
14 23 D
13 20 L
10 30 L
13 18 R
1 29 L
14 1 U
18 30 D
27 5 D
2 26 U
27 17 X
8 20 R
22 12 L
20 19 U
2 21 R
19 9 X
6 11 D
4 8 U
30 12 X
8 2 D
2 14 D
24 11 L
16 8 U
27 21 U
11 14 X
15 29 U
29 8 D
29 9 R
6 17 D
15 11 L
17 28 R
9 13 R
5 17 R
16 6 L
16 19 R
8 1 U
25 18 R
7 26 U
5 30 L
27 15 L
1 21 X
10 19 R
4 25 L
18 3 L
23 19 L
21 9 L
22 30 L
11 12 X
13 14 R
3 18 U
29 1 U
6 15 L
23 16 D
4 20 U
17 1 U
28 26 L
25 20 L
6 23 R
14 2 D
15 15 L
24 30 D
1 6 R
22 23 U
7 2 L
6 18 U
16 22 X
20 3 R
4 27 R
9 16 U
20 28 L
19 22 L
8 25 D
12 7 R
19 10 U
18 5 D
24 24 R
24 19 D
12 5 D
16 24 R
28 23 U
3 17 D
7 6 L
2 3 R
11 9 R
22 24 R
30 28 L
17 8 D
6 21 L
23 13 U
14 22 L
7 8 U
20 15 R
12 22 L
8 23 D
21 13 R
5 5 L
21 6 U
21 4 U
3 30 U
23 7 L
26 7 L
29 28 R
30 4 U
20 23 D
16 4 D
5 2 D
10 24 R
7 4 D
