77
154
9 9 R
9 4 U
4 23 D
10 14 U
17 21 D
16 6 L
26 5 R
2 27 R
23 1 U
22 8 U
19 22 L
28 4 R
16 8 U
15 22 R
12 11 L
18 15 D
29 14 X
30 6 U
27 21 U
17 13 U
29 8 D
26 28 R
5 17 L
14 5 U
26 3 R
16 10 R
8 13 U
22 10 D
8 26 R
2 9 R
7 2 L
15 13 R
13 27 U
2 23 U
6 21 L
5 30 L
28 28 R
15 20 D
11 1 U
1 12 L
3 15 L
20 15 R
1 16 R
1 29 L
19 2 U
29 30 L
5 3 R
22 6 L
20 9 R
29 11 U
7 29 D
23 22 R
30 18 U
18 29 U
13 20 L
20 28 L
20 20 R
18 11 D
28 26 L
15 16 U
3 25 R
17 24 L
25 14 R
4 21 R
13 2 L
11 9 R
14 11 L
1 2 R
9 24 R
7 23 R
2 7 U
8 11 L
23 3 R
2 5 R
20 30 U
4 12 R
15 27 U
6 25 L
12 24 R
30 4 U
13 8 U
19 6 D
19 4 R
21 20 D
22 26 L
4 10 R
27 7 R
27 15 L
24 6 U
13 16 L
17 17 R
11 7 L
21 24 R
23 17 R
25 10 U
7 18 R
3 3 L
25 16 U
21 18 D
10 30 L
14 30 L
6 27 L
8 20 R
10 17 R
22 14 L
28 23 U
13 22 L
21 4 U
10 19 U
2 21 R
6 11 L
14 7 L
11 3 R
9 6 U
7 8 U
3 19 R
5 7 L
22 28 R
7 6 L
12 18 U
17 27 D
18 19 D
5 19 L
10 12 R
24 28 L
27 13 D
11 5 U
12 29 U
18 9 R
17 3 R
14 25 D
22 12 L
29 16 D
8 15 R
25 18 R
23 30 L
29 2 D
24 20 R
30 23 U
21 1 R
4 27 R
25 12 L
24 24 R
30 20 R
20 26 U
28 19 L
25 8 U
10 26 L
1 18 R
5 1 U
26 25 D
26 1 U
16 30 L
6 15 L
