91
154
24 11 L
26 19 D
3 23 L
21 7 R
19 8 U
10 14 U
4 12 L
23 16 D
3 7 R
7 8 U
1 22 D
17 7 L
9 20 L
10 8 U
29 20 U
6 13 R
29 24 L
28 4 R
21 26 L
2 1 U
7 27 D
14 17 L
28 30 L
12 15 D
12 30 D
24 20 R
2 20 D
27 26 L
12 6 U
15 6 U
29 15 X
5 7 L
8 1 U
3 30 U
25 16 L
29 13 U
1 29 L
1 16 R
23 2 D
11 24 L
30 6 U
13 4 R
18 30 D
30 18 U
23 25 U
15 13 D
9 22 R
8 3 R
22 10 D
17 21 D
21 21 U
1 8 L
18 23 U
22 4 D
15 20 D
7 29 L
1 18 D
14 8 D
15 9 R
16 4 D
4 21 R
6 23 U
17 11 L
22 23 D
6 25 R
27 16 U
12 11 D
16 10 R
11 27 D
13 8 U
5 1 U
20 23 D
15 24 L
9 29 D
25 27 L
24 18 U
21 16 U
10 10 D
19 18 R
14 30 L
28 2 U
27 21 U
7 18 L
13 2 L
19 12 L
30 9 L
18 5 D
22 28 R
19 20 R
10 12 R
30 3 L
18 15 R
14 9 R
16 26 L
20 5 R
17 28 R
10 6 L
9 26 L
2 11 U
30 22 L
21 18 D
23 8 D
28 10 U
18 26 D
17 17 R
6 11 D
3 16 U
4 14 U
5 17 U
5 9 R
25 25 U
23 27 D
26 9 R
22 14 L
11 19 L
26 7 L
5 19 L
16 2 L
6 3 L
18 3 L
26 5 L
27 24 L
24 6 U
20 28 L
2 3 U
7 6 D
2 27 R
25 22 L
22 12 L
20 2 D
20 30 L
26 11 U
4 4 R
11 3 R
13 23 X
10 17 R
20 14 D
25 2 L
7 21 D
13 27 L
11 1 U
5 28 R
2 5 L
29 28 R
8 13 U
22 19 U
13 20 R
14 14 D
4 25 L
8 15 R
8 24 U
25 29 R
28 12 L
17 19 X
