237
130
20 15 U
5 30 L
30 6 U
25 16 U
4 27 R
28 24 R
29 19 L
7 6 D
8 15 R
2 3 R
14 30 L
9 1 D
17 1 U
24 5 D
20 20 R
10 2 U
17 19 L
2 9 R
1 16 D
30 11 L
3 6 U
30 14 X
4 4 D
16 3 X
20 19 D
5 2 D
25 8 U
1 24 L
7 20 L
10 19 U
11 3 R
11 21 D
16 24 R
10 26 L
28 10 D
16 15 X
1 18 R
8 26 R
20 23 D
21 5 D
30 7 R
22 12 L
7 12 R
11 13 U
28 21 L
23 28 R
26 23 D
12 19 D
8 9 R
27 16 U
18 11 L
21 20 L
29 5 R
6 23 U
15 6 U
24 11 L
29 25 D
9 21 U
6 11 D
5 8 D
10 10 D
9 4 U
22 17 R
8 23 D
1 12 L
12 1 D
2 27 R
2 20 D
13 22 L
17 15 X
22 8 U
20 2 D
25 27 D
23 7 L
11 30 L
3 17 D
26 3 R
22 24 R
15 22 R
17 27 D
4 14 L
19 8 U
15 3 L
5 12 X
19 17 X
14 20 R
8 28 U
4 16 D
14 2 D
8 30 L
20 14 D
19 25 U
16 21 L
10 28 R
12 24 R
24 23 U
11 8 D
9 13 R
7 4 R
18 7 R
5 11 U
27 20 L
18 23 U
18 9 R
10 8 U
13 13 X
26 15 U
26 25 D
26 14 D
14 26 U
16 10 D
16 30 L
29 28 R
18 15 R
23 20 U
13 4 R
25 20 L
16 7 X
27 21 U
28 14 L
30 12 X
24 18 U
23 27 D
29 3 R
21 24 R
15 18 D
27 18 R
22 2 L
22 14 L
13 24 X
