242
138
18 23 U
22 8 U
2 2 D
2 11 U
5 20 D
30 24 R
29 5 U
14 22 L
22 24 R
28 14 L
20 14 D
17 15 X
21 12 X
8 9 R
5 14 D
22 4 R
18 17 L
18 19 D
27 20 L
24 28 L
17 8 D
5 8 D
4 26 U
7 18 R
25 18 R
27 26 L
18 13 X
23 30 L
23 12 X
27 9 R
3 15 L
4 6 D
10 6 L
8 25 D
7 16 R
7 27 D
20 23 D
25 14 R
25 20 L
4 27 R
4 10 D
9 1 D
13 25 U
24 12 X
10 28 R
9 15 L
15 24 R
2 21 R
21 21 U
13 10 D
22 26 L
5 17 U
21 6 U
26 28 L
21 7 R
2 19 U
29 3 R
25 24 X
1 18 D
30 17 L
7 23 R
4 4 D
23 22 R
25 10 U
12 18 U
10 4 D
12 30 D
13 20 R
30 18 U
16 19 U
24 7 R
22 14 U
4 23 D
29 1 U
24 1 R
19 16 D
21 20 L
17 28 R
8 5 R
6 11 D
28 17 R
7 20 U
15 6 U
9 3 L
14 1 U
3 30 U
20 25 D
21 4 U
14 8 D
5 26 D
17 9 R
18 20 R
19 29 R
29 20 U
2 13 X
15 4 U
30 7 R
16 12 L
7 2 L
20 1 U
19 9 X
17 17 R
11 16 D
29 9 R
23 24 L
28 30 L
30 28 L
20 18 X
26 2 D
1 30 D
11 3 R
24 22 L
1 25 R
5 2 D
13 12 L
8 20 R
13 16 D
16 16 X
15 29 U
14 14 D
15 5 D
15 27 U
17 13 U
23 19 L
25 4 R
10 19 U
10 12 R
10 23 D
21 1 R
7 12 R
11 21 D
25 13 X
19 10 R
12 9 R
18 6 U
9 28 X
29 22 R
11 27 D
