269
130
26 5 R
5 2 D
11 27 D
6 21 L
2 14 D
9 21 U
4 10 D
8 15 R
21 24 R
29 21 D
13 16 L
28 19 R
12 23 U
6 5 D
24 15 D
14 2 D
28 12 R
8 24 U
14 19 D
22 21 L
12 1 R
7 12 L
16 14 U
26 28 R
3 6 U
30 12 X
23 13 U
12 20 R
23 9 R
2 23 L
17 16 D
5 5 R
28 2 U
2 3 R
5 11 L
27 26 L
19 20 R
20 20 R
27 21 U
17 25 D
1 27 L
21 27 U
21 17 X
16 27 X
21 20 D
9 11 D
15 29 D
24 7 R
25 10 U
29 30 L
3 24 D
27 17 X
25 18 R
11 15 X
1 10 R
20 1 U
9 29 U
5 13 U
29 15 X
26 3 R
4 14 U
26 8 D
18 14 X
15 6 U
11 19 L
2 8 D
1 6 D
13 10 U
10 4 D
29 17 R
11 20 U
24 30 D
24 28 L
1 30 D
14 1 U
18 18 U
11 28 R
7 27 D
4 2 U
28 26 L
25 9 X
9 16 U
2 27 R
4 16 D
22 15 X
11 7 L
6 15 L
22 17 R
19 3 X
13 4 D
17 22 R
14 25 D
24 5 D
10 19 R
17 30 L
13 18 R
8 23 D
9 24 R
22 4 D
25 14 R
8 7 L
27 15 L
10 24 R
18 29 U
17 14 X
4 4 R
20 28 R
14 22 L
23 11 U
25 2 U
12 24 R
24 11 L
22 22 X
18 11 D
22 6 D
15 9 R
7 23 R
7 18 R
23 1 U
19 4 D
24 3 L
18 6 U
1 29 L
5 8 D
28 28 R
15 18 D
15 20 D
16 12 R
17 21 D
21 12 X
