226
136
8 17 U
22 28 R
29 20 U
11 9 R
10 2 L
15 3 L
30 28 L
12 22 L
16 12 L
10 17 R
15 21 U
19 4 R
6 19 X
22 4 R
2 8 D
2 3 U
5 9 R
25 12 L
26 7 L
20 8 D
22 17 R
14 7 L
30 18 U
27 16 U
26 20 R
13 20 L
23 22 R
11 20 U
11 30 X
3 21 L
25 25 U
23 30 L
9 27 U
14 11 L
17 8 D
1 29 L
6 18 U
16 23 D
8 8 D
28 2 L
1 12 L
2 19 U
22 10 U
14 23 D
20 24 X
17 21 D
4 4 R
1 25 R
29 11 U
6 28 D
20 9 R
10 14 U
16 30 X
13 29 R
20 3 R
20 12 X
18 30 D
21 22 R
10 23 D
15 16 U
17 3 R
26 5 L
22 16 X
25 2 L
19 9 X
5 20 D
19 16 L
9 5 D
16 27 X
3 13 R
4 6 D
17 16 D
10 12 R
4 15 X
8 15 R
20 20 R
5 15 R
2 15 R
10 4 D
23 26 X
1 24 L
9 28 X
18 11 D
6 25 L
6 11 L
29 13 U
23 5 L
7 10 R
30 17 L
26 9 R
28 30 L
8 25 D
1 18 D
22 14 L
13 2 L
16 19 R
19 2 L
7 20 L
9 29 U
5 26 D
25 27 L
27 1 R
1 6 D
6 3 L
14 14 D
28 4 R
5 1 U
30 3 L
28 8 X
1 22 D
20 30 L
24 18 U
8 23 D
12 20 X
3 23 L
22 24 R
25 29 R
26 18 X
17 11 L
18 1 R
1 10 D
18 6 U
13 8 U
2 1 U
11 28 R
5 13 U
23 7 L
13 14 R
7 14 L
11 1 X
21 24 R
27 27 U
12 11 L
22 19 U
19 23 X
16 10 U
