239
138
14 30 U
12 6 U
6 13 D
5 11 L
11 25 U
2 24 X
26 19 D
28 24 R
23 22 R
21 26 L
14 2 D
12 11 D
11 21 D
1 13 X
14 7 L
4 29 D
26 5 X
22 30 X
15 24 L
27 6 U
25 24 X
28 30 L
28 4 R
1 2 R
29 9 R
2 19 L
25 18 R
21 18 R
17 1 U
14 3 R
24 28 L
16 14 U
23 8 D
7 25 L
9 29 U
11 27 D
1 20 L
23 5 L
7 8 X
17 21 D
9 26 L
6 16 U
11 11 U
30 4 U
6 3 L
2 2 D
14 15 R
22 12 R
23 20 U
16 12 L
25 25 U
5 13 U
25 20 R
12 3 L
7 18 L
7 10 U
16 15 X
20 11 L
29 7 L
1 8 L
24 30 D
29 17 R
10 4 X
1 27 L
28 10 R
25 16 U
26 1 U
25 14 R
6 19 R
2 8 D
11 9 R
18 18 U
22 6 L
15 9 R
20 22 L
13 22 L
9 20 D
10 19 U
13 20 L
25 10 U
13 14 R
9 17 X
15 26 L
8 5 U
29 15 X
22 14 U
20 15 U
27 27 U
22 17 R
10 27 X
27 20 D
30 23 U
20 3 R
13 27 L
8 14 X
14 20 R
26 8 D
2 17 U
4 23 L
23 1 U
30 9 L
24 5 D
7 21 D
28 2 L
8 3 R
17 9 R
3 16 U
16 28 R
6 1 D
8 23 D
13 16 U
23 30 L
3 6 U
10 6 L
30 30 X
20 8 D
19 25 U
23 9 R
5 21 X
21 22 R
22 2 U
30 11 L
10 28 R
26 26 U
10 10 U
2 11 U
21 6 U
29 28 R
18 5 D
27 13 R
4 25 L
6 23 U
13 23 X
16 17 R
7 12 L
7 15 X
19 2 U
24 22 L
