249
123
11 14 X
11 12 X
19 9 X
7 2 L
29 8 D
16 6 L
21 4 U
11 16 D
6 11 L
15 16 U
23 1 U
30 12 X
8 25 D
28 23 U
18 18 U
16 19 R
2 15 R
12 7 R
21 20 L
23 19 L
15 29 U
18 30 D
11 3 R
25 20 L
29 1 U
29 9 R
16 4 R
23 13 U
15 11 L
5 30 L
17 8 D
1 25 R
2 21 R
30 4 U
27 5 D
3 30 U
17 28 R
7 6 D
17 1 U
25 16 U
25 9 X
13 28 X
3 12 X
19 22 L
4 25 L
13 18 R
10 26 L
1 12 L
4 20 U
8 20 R
23 14 X
18 5 D
22 26 L
12 29 U
25 8 U
5 2 D
22 21 L
24 19 D
13 20 R
1 22 R
15 26 L
12 5 D
16 8 U
15 15 L
6 21 L
11 9 R
10 19 R
6 18 U
27 15 L
8 2 D
10 30 L
1 18 R
30 15 R
14 26 R
24 11 L
8 1 U
13 14 R
22 30 L
18 3 L
1 6 R
12 22 L
30 24 R
20 19 U
6 15 L
14 23 D
4 27 R
9 13 R
16 22 X
28 26 L
3 17 D
21 6 U
5 5 R
22 24 R
11 13 U
27 21 U
25 27 U
27 17 X
8 23 D
7 8 U
30 28 L
29 3 R
14 2 D
21 9 L
21 13 R
6 23 R
24 23 U
6 17 D
4 8 U
23 7 L
17 14 X
27 11 L
26 7 L
9 16 U
25 18 R
24 24 R
14 1 U
13 12 L
15 4 U
20 11 L
20 15 R
20 23 D
20 28 L
22 12 L
