273
131
14 17 L
23 2 D
22 3 X
4 21 R
23 28 R
19 6 D
7 6 D
21 21 U
8 2 D
22 7 X
6 29 U
30 26 R
20 9 R
26 8 D
3 15 L
2 24 X
11 9 R
10 3 X
4 6 D
2 27 R
2 29 R
1 4 D
10 24 R
28 12 L
10 21 L
19 29 D
29 20 U
24 28 L
5 1 U
27 6 U
22 30 L
8 9 R
27 20 D
23 22 R
29 8 D
13 10 D
15 7 R
21 16 U
30 19 X
23 19 L
7 3 X
17 19 L
11 20 U
1 22 R
16 24 R
4 25 L
13 8 U
22 19 U
13 22 L
9 1 D
12 17 L
7 4 R
28 16 X
14 12 X
16 30 L
15 20 D
1 10 D
2 20 D
22 26 L
14 5 U
28 2 U
2 8 D
17 9 R
17 24 L
19 14 R
4 23 L
17 13 U
5 8 D
7 25 L
26 23 D
15 18 D
18 6 U
8 20 R
25 22 L
4 12 L
25 10 D
14 20 R
16 14 U
18 30 D
28 23 D
1 6 R
22 27 X
10 2 U
12 14 X
5 17 L
6 23 R
2 17 R
12 6 U
24 30 D
22 17 R
6 11 D
20 7 L
25 13 X
30 18 U
13 12 L
27 4 U
16 26 L
14 15 U
8 5 U
8 28 U
29 11 U
6 19 R
30 7 R
25 18 R
9 15 L
19 20 R
20 5 U
23 16 D
28 27 X
3 18 U
15 12 X
20 11 U
6 27 L
14 2 D
10 17 R
12 30 D
21 28 X
20 3 R
29 27 D
29 28 R
30 3 L
30 5 X
30 15 R
9 16 U
17 16 D
9 18 D
10 12 R
25 4 R
25 7 X
5 14 D
14 8 D
