140
78
8 9 D
2 15 L
4 13 L
16 1 D
12 5 U
4 3 U
15 4 R
1 6 D
9 4 L
11 18 L
20 17 R
1 20 L
11 20 L
1 10 D
19 4 R
1 12 D
18 7 D
20 1 R
18 19 D
17 4 R
6 5 L
20 9 U
20 13 U
20 15 L
5 20 D
12 11 L
11 2 U
10 9 D
16 7 L
18 11 L
18 13 U
14 11 L
14 15 L
2 17 R
4 15 L
7 14 D
10 11 U
13 20 U
3 6 R
15 18 R
6 7 U
6 11 L
18 9 L
16 9 L
13 18 R
8 17 L
4 1 R
15 20 U
1 4 R
14 13 D
12 15 D
3 8 D
16 11 L
18 15 L
13 8 L
9 20 D
8 11 U
18 1 D
20 7 L
9 2 U
7 2 U
10 13 L
6 9 U
16 15 L
1 2 D
20 11 U
13 2 R
3 10 L
16 13 L
12 13 R
20 19 R
7 16 U
3 20 D
1 8 R
7 20 D
9 6 U
18 17 L
5 18 R
