135
83
1 16 D
10 13 L
16 11 U
15 20 D
7 6 R
20 3 R
3 18 D
11 2 D
6 17 R
14 11 L
18 15 R
11 18 D
3 4 D
5 20 L
16 17 L
20 1 U
4 9 R
3 6 R
11 20 U
6 13 D
9 8 R
8 11 R
16 9 L
18 17 D
18 7 L
16 15 D
15 2 U
17 20 L
20 13 L
7 2 D
13 4 U
2 1 D
20 15 R
9 2 D
16 7 U
12 13 D
6 11 R
1 6 L
20 11 U
18 9 D
10 15 U
16 13 R
8 13 R
4 1 R
1 18 D
7 4 L
9 6 U
20 9 R
14 7 L
18 5 D
1 14 L
5 4 L
4 15 D
1 20 L
14 9 L
20 5 R
5 6 D
10 11 D
18 11 U
4 13 D
13 20 L
20 7 R
19 20 L
18 13 R
1 12 D
15 4 U
7 8 R
12 11 R
6 15 L
17 2 R
8 15 U
13 2 R
2 9 R
3 20 U
13 18 D
12 9 U
14 13 L
8 19 L
12 7 U
20 17 R
9 4 D
13 16 U
1 8 R
