133
83
5 4 U
7 18 L
14 1 D
18 1 D
14 13 U
20 5 U
20 15 L
15 18 U
1 12 R
16 15 L
11 6 U
18 9 R
12 11 U
6 15 L
18 3 U
2 9 R
13 4 L
3 4 R
16 7 U
18 15 D
18 11 D
12 17 U
20 1 R
6 7 R
12 1 R
16 11 U
4 7 U
14 15 U
20 19 U
6 13 U
2 7 U
8 13 R
20 17 U
20 9 U
20 13 L
9 4 R
9 2 L
13 6 D
1 16 R
1 14 R
7 4 R
10 13 R
7 20 L
3 2 L
7 2 L
6 11 R
1 2 L
9 6 U
18 5 R
15 20 L
16 1 R
10 11 R
1 20 D
3 16 D
10 17 U
1 18 R
13 8 D
4 9 L
14 11 L
3 18 D
11 8 R
18 13 R
13 20 D
6 9 R
12 15 L
8 11 D
4 13 L
20 3 R
15 4 R
16 13 U
9 8 L
20 7 R
4 11 U
8 15 D
12 13 U
11 4 U
5 2 D
16 9 D
10 19 U
1 4 D
17 20 U
18 17 U
5 20 U
