141
82
7 20 D
13 8 R
14 15 R
15 10 L
18 11 D
1 6 L
14 3 U
4 11 U
1 2 R
6 7 U
1 20 D
9 18 D
3 18 U
20 15 U
10 9 R
9 16 D
10 13 D
5 20 L
12 1 D
13 10 U
15 20 D
11 4 U
2 11 U
19 2 D
1 18 L
11 2 L
1 8 D
8 9 D
20 13 U
20 17 L
8 5 U
8 11 U
4 9 L
12 13 L
6 11 R
5 4 L
7 18 D
9 20 D
16 5 U
20 11 L
16 1 U
5 18 U
16 15 D
2 15 U
18 9 L
18 17 L
9 2 D
11 6 U
12 15 U
16 3 U
4 15 U
1 4 D
3 20 L
10 11 D
20 7 U
13 6 U
13 20 D
14 13 U
20 1 U
18 15 L
3 2 U
19 4 R
2 13 D
6 9 U
12 17 U
16 17 R
6 1 U
3 4 L
20 9 L
18 7 U
7 14 L
16 13 L
4 13 L
7 16 U
18 13 L
20 19 U
4 7 U
8 7 R
15 8 U
1 12 D
14 1 R
18 19 L
