277
263
18 23 R
25 16 R
19 15 U
5 14 L
1 18 R
1 2 L
2 13 D
1 14 L
3 11 L
14 24 L
1 24 L
16 17 U
9 2 U
1 3 R
9 20 U
11 2 L
7 16 R
20 7 R
4 13 L
13 9 L
14 4 L
8 25 U
5 22 L
17 3 R
6 25 U
11 14 D
25 23 U
17 18 D
1 15 R
8 24 L
9 13 L
18 4 L
25 2 R
12 23 L
2 9 U
25 14 L
19 7 R
17 20 D
2 3 R
8 1 U
4 24 R
4 4 R
12 8 R
2 7 L
4 3 D
3 4 R
7 10 L
24 2 R
6 2 R
3 19 U
23 19 R
25 6 U
20 18 U
16 16 L
16 7 L
23 12 R
22 15 R
22 1 D
22 13 R
18 19 U
9 7 L
12 1 D
12 5 D
3 21 L
13 2 U
17 13 U
16 10 L
17 25 X
14 17 L
1 10 D
10 16 D
13 20 U
20 24 L
3 3 L
13 22 D
24 9 R
5 16 U
20 16 U
14 9 D
12 24 U
10 9 R
13 16 L
17 10 D
22 3 D
25 12 L
2 21 R
3 6 D
3 15 R
22 20 L
1 22 L
16 1 R
2 1 D
21 6 R
20 3 R
15 19 L
16 5 L
25 5 L
23 4 U
6 9 U
15 12 U
10 1 U
11 19 L
13 14 L
9 19 U
24 7 D
23 9 U
20 22 L
24 18 R
12 17 R
18 1 D
14 7 D
18 7 L
24 14 L
7 8 U
10 24 R
24 5 U
3 8 L
20 1 D
16 18 R
6 11 D
8 16 R
18 17 U
25 18 R
23 6 U
23 7 R
5 18 L
3 25 L
20 6 L
8 14 R
19 17 D
8 9 L
7 18 R
15 5 L
10 11 R
25 10 L
5 6 R
20 12 L
4 1 D
7 20 U
11 11 L
9 4 L
21 21 R
21 20 L
6 13 L
10 2 R
6 17 R
14 1 D
15 20 U
12 7 U
6 5 R
12 25 U
25 25 X
21 17 L
22 22 D
11 12 R
10 4 R
19 20 L
10 17 R
22 10 U
19 4 L
18 21 D
19 5 R
21 15 U
23 15 R
2 15 L
14 18 U
24 11 R
19 22 U
23 2 U
12 21 D
24 17 L
6 7 D
11 6 U
12 3 R
13 12 U
4 9 U
15 16 L
11 8 R
19 14 U
22 11 R
4 21 R
7 23 U
15 24 L
14 19 U
21 8 R
24 15 D
13 10 R
3 23 L
3 17 R
5 4 R
7 14 R
7 4 U
1 8 L
21 2 U
15 14 U
11 21 L
21 3 R
23 10 R
5 10 U
1 11 R
10 13 R
17 23 L
21 13 L
16 12 L
17 5 D
11 3 R
16 23 L
13 4 L
2 11 R
15 10 U
18 13 L
23 21 D
18 9 U
21 23 D
5 20 U
17 8 L
9 24 R
9 15 L
4 14 R
24 1 D
6 21 D
17 16 L
4 23 D
6 15 U
8 5 L
9 11 L
16 3 U
22 18 U
12 16 L
15 6 U
7 22 U
15 8 D
18 11 U
20 20 L
17 21 U
14 11 D
13 6 U
9 17 L
19 12 R
10 22 L
8 21 D
9 23 D
11 23 L
25 20 R
19 24 R
7 6 L
21 25 U
15 22 L
8 12 L
6 19 U
20 10 U
13 24 R
8 18 D
11 15 U
1 5 D
24 22 D
23 25 L
5 12 L
14 25 X
18 8 X
5 8 X
7 13 X
22 8 X
