377
251
20 12 L
15 5 L
2 7 L
20 1 U
9 2 L
20 7 R
4 7 L
14 15 L
8 16 L
21 25 U
9 4 U
3 25 L
25 25 X
18 2 R
13 12 U
18 17 R
18 21 L
23 12 R
22 21 X
18 19 L
6 21 L
12 8 R
13 17 R
25 10 L
7 22 U
16 5 L
24 22 L
11 19 L
10 20 D
15 6 U
8 6 R
12 25 U
10 9 D
8 24 L
2 3 L
21 15 U
9 24 R
12 16 L
14 1 U
1 25 X
15 20 U
19 11 L
7 20 R
9 8 U
14 21 R
21 5 L
9 7 L
23 10 R
25 18 L
13 9 U
7 16 L
14 5 R
23 17 L
5 20 R
5 2 L
6 25 D
17 12 L
8 1 R
24 15 D
23 4 L
9 15 L
11 3 U
20 3 L
15 12 L
20 24 L
1 8 R
20 16 R
25 20 L
13 4 L
12 21 L
4 9 U
12 24 U
25 23 L
12 5 L
3 14 L
17 24 D
7 24 R
24 2 R
22 22 R
11 11 L
22 8 R
14 13 L
22 18 L
13 22 L
8 25 U
10 19 L
11 23 L
19 7 L
8 22 R
3 19 U
23 2 U
4 14 R
14 17 L
3 11 L
2 15 L
1 18 R
13 14 L
15 10 R
10 7 L
16 20 L
11 6 U
25 6 U
5 6 L
3 3 L
7 12 L
14 19 U
17 3 R
17 6 R
6 24 L
17 10 D
7 3 U
24 1 U
3 17 R
17 14 D
11 21 L
4 1 R
14 2 R
7 8 D
17 8 L
5 16 L
13 6 L
21 3 R
5 24 R
16 12 R
17 23 L
16 16 L
4 4 R
1 20 L
8 13 X
15 19 D
11 15 U
23 6 L
21 20 L
19 4 L
1 6 R
11 5 L
18 9 U
21 13 L
20 9 D
24 9 R
5 18 R
3 8 L
17 2 L
21 21 R
14 11 L
12 10 U
21 8 L
8 18 L
6 19 D
15 2 R
7 10 L
6 10 X
12 23 L
10 1 U
1 3 R
2 8 X
16 18 R
22 13 R
4 11 L
2 1 D
1 17 L
25 16 L
13 7 R
18 7 L
3 23 L
25 12 U
14 25 U
16 23 L
3 21 L
16 17 U
8 10 R
11 17 L
18 11 L
18 8 D
22 7 L
17 16 L
2 13 U
19 15 R
3 4 R
4 13 L
11 2 D
9 5 D
10 16 L
18 25 D
5 22 U
24 24 L
6 17 L
9 9 R
19 12 R
13 16 L
6 15 D
7 6 U
13 23 D
8 14 D
15 16 L
19 22 L
1 22 L
21 2 L
4 21 L
25 5 L
25 2 L
17 20 L
21 17 L
16 3 U
20 6 L
10 22 L
5 10 R
16 10 L
7 18 U
13 10 R
24 4 L
6 9 D
6 7 R
23 18 X
4 23 D
9 13 R
20 20 L
12 19 L
23 23 L
18 13 L
9 11 R
11 14 U
14 9 D
6 1 D
22 15 L
12 13 R
22 20 L
24 17 L
10 11 L
7 23 U
15 22 L
19 14 U
18 1 D
12 7 U
9 23 U
6 11 R
16 25 X
24 18 R
20 13 U
10 24 R
4 3 D
1 11 R
21 11 L
15 25 X
23 19 R
25 14 L
16 1 R
3 15 R
5 8 L
5 14 L
24 14 L
