339
259
5 18 D
7 6 R
8 6 R
1 8 X
15 5 L
20 12 D
21 11 L
2 17 L
6 1 D
6 24 L
2 20 L
17 23 L
7 16 U
21 8 U
19 20 L
22 3 L
12 25 U
3 11 L
25 16 L
3 3 L
17 3 D
6 13 L
1 5 D
14 25 U
5 8 R
14 17 D
9 20 R
19 2 R
11 2 D
10 9 R
14 11 R
6 9 L
5 20 U
19 12 U
20 22 R
6 14 X
13 22 L
22 8 D
24 20 L
14 19 R
2 15 L
5 14 X
1 24 L
21 23 D
5 12 L
24 18 X
17 13 U
6 21 U
4 7 L
2 11 L
8 9 U
25 2 R
11 23 U
19 17 D
23 18 X
15 2 R
20 20 L
14 18 D
14 13 X
20 10 R
24 1 D
22 22 U
20 16 U
24 22 U
24 2 R
21 20 L
3 21 R
23 23 D
22 11 R
22 15 L
18 25 D
18 19 R
19 11 L
19 4 D
11 11 L
10 16 L
16 1 D
17 8 U
23 4 L
8 16 R
13 2 X
22 5 L
21 5 L
25 6 R
10 4 R
16 3 L
8 22 X
23 21 D
18 1 D
18 21 R
2 3 L
2 18 D
23 6 D
24 15 R
15 10 L
3 25 D
23 12 L
1 14 L
14 7 L
5 22 R
6 7 U
13 20 L
9 19 U
7 8 X
19 7 L
6 19 U
10 19 L
1 11 R
6 25 U
10 24 R
18 17 R
5 4 D
10 17 X
13 9 U
5 6 L
23 15 L
19 9 L
4 13 D
7 13 X
12 10 X
11 19 L
7 14 R
13 23 D
8 5 U
19 5 X
13 4 U
20 14 R
21 6 X
16 25 X
2 9 D
25 23 L
2 1 D
22 7 L
9 2 L
9 15 U
17 12 L
1 15 R
4 3 D
22 18 L
3 6 R
7 18 L
13 6 U
20 7 D
10 1 D
2 23 L
19 22 L
5 16 R
15 19 D
15 22 L
23 19 R
8 3 R
17 6 U
5 10 U
17 10 L
21 21 U
24 17 D
14 4 L
1 22 L
8 21 U
15 14 U
20 18 U
15 8 L
10 20 R
23 17 L
25 25 X
19 14 U
1 10 L
21 15 R
2 7 U
9 4 L
1 18 R
3 4 U
11 5 L
9 8 U
14 1 D
18 23 R
12 11 D
20 1 R
7 20 D
25 18 R
12 13 D
22 10 L
25 12 U
12 21 L
17 16 L
14 9 X
11 21 R
1 6 D
3 19 R
2 13 L
21 24 X
15 12 L
16 17 D
9 23 U
6 15 U
16 14 X
4 1 D
8 14 D
9 24 R
4 4 R
12 24 U
7 3 U
9 17 L
24 4 D
23 25 L
25 20 R
17 18 R
10 11 R
7 22 U
16 16 L
12 16 U
18 13 D
3 14 X
11 8 R
5 2 U
4 17 L
12 1 D
16 12 L
10 13 R
16 23 L
11 15 D
1 3 R
15 16 U
16 10 L
17 5 D
8 1 R
12 3 D
14 15 D
12 5 D
13 12 U
3 15 D
14 21 R
16 5 L
20 9 D
24 11 L
6 5 R
25 10 R
21 17 R
17 21 U
13 14 R
15 24 L
15 25 X
3 12 R
4 8 X
18 4 U
18 7 L
18 9 R
21 2 L
20 6 L
25 14 L
22 13 D
11 14 L
24 14 L
25 8 R
9 13 L
11 6 U
16 7 D
4 23 L
13 10 D
