344
257
5 4 R
5 20 L
23 7 X
6 5 L
5 24 L
24 25 X
21 8 U
4 13 L
17 2 L
16 17 D
17 20 D
7 16 R
25 6 U
4 7 L
2 1 D
25 8 L
13 12 U
16 12 L
10 4 X
20 9 D
14 25 X
1 5 D
1 11 R
14 1 U
2 24 D
18 11 U
7 22 U
21 2 L
8 14 D
16 5 L
14 18 U
23 17 L
6 1 U
8 3 R
10 9 D
12 3 L
3 4 U
20 6 U
12 13 R
22 22 X
8 22 R
16 3 U
4 18 U
2 17 L
23 23 R
20 10 D
14 15 D
2 7 L
5 10 L
4 9 U
21 17 R
11 19 R
7 2 L
17 18 R
15 19 L
17 16 L
13 16 L
24 4 L
6 19 R
12 24 U
8 25 U
9 5 D
5 18 D
24 14 L
13 10 D
16 24 X
17 3 R
11 15 U
1 18 R
3 25 D
23 12 U
18 25 D
20 13 U
25 20 L
12 16 U
19 5 D
12 21 D
3 15 D
3 3 L
23 25 X
1 10 D
15 24 L
17 24 D
16 1 U
9 4 L
22 3 D
6 2 X
8 1 D
18 19 D
18 8 D
8 16 R
6 9 L
3 8 L
22 13 D
9 13 L
1 2 D
11 21 U
20 16 X
6 10 X
11 3 U
1 22 D
2 9 X
9 9 X
5 22 L
4 1 X
6 15 U
14 19 U
1 24 L
10 7 D
21 5 L
17 8 L
22 15 R
11 14 U
17 10 D
24 8 U
24 9 R
15 6 D
12 25 U
3 6 L
15 5 L
25 18 L
24 11 R
23 2 L
25 10 L
5 6 R
13 9 L
8 21 D
21 6 X
7 8 R
6 7 L
17 14 D
8 6 R
4 3 D
22 7 X
15 10 R
9 20 U
12 10 L
10 11 L
13 4 U
9 19 U
13 22 D
16 16 L
19 11 L
15 8 L
3 11 L
15 2 D
5 2 U
8 9 X
12 5 D
11 23 L
15 22 D
16 20 R
9 17 R
20 24 R
6 13 U
18 7 L
13 20 U
19 14 X
10 1 X
23 6 U
10 13 L
21 23 D
1 15 R
21 21 R
13 14 L
4 21 L
18 16 L
13 6 U
18 17 R
18 1 D
17 5 D
3 12 X
18 21 D
12 11 D
21 15 R
11 11 L
25 14 L
7 12 L
16 18 R
19 7 X
24 20 U
21 11 U
19 23 D
2 23 X
22 10 L
11 17 R
21 24 X
15 25 X
19 2 R
9 24 R
23 19 D
19 4 D
15 16 U
5 16 D
18 4 L
14 13 L
12 23 L
11 12 R
4 4 R
14 17 D
25 2 R
7 23 U
2 20 L
13 24 R
22 11 D
10 17 R
7 20 L
24 24 L
2 13 R
7 4 R
9 15 U
7 6 R
17 23 L
3 21 L
4 23 L
6 25 U
10 22 R
6 17 U
10 16 U
7 3 U
11 6 U
23 15 L
22 5 D
19 15 R
1 3 R
22 1 R
22 20 L
12 1 U
8 13 X
21 20 L
1 14 L
23 21 D
20 18 R
18 9 U
2 25 X
24 15 R
7 14 R
9 11 U
13 23 D
14 4 L
18 13 L
19 17 D
19 22 U
20 7 D
20 14 R
20 22 L
2 8 X
2 21 U
5 12 L
16 7 R
23 10 X
11 5 L
16 14 L
24 1 D
24 22 D
20 3 L
1 25 X
