368
249
7 24 R
21 3 R
16 5 L
12 8 R
12 16 L
1 8 L
4 7 L
12 3 L
14 2 R
21 14 D
6 19 L
3 8 L
20 22 L
20 18 L
4 13 U
6 11 R
10 4 L
15 12 U
13 17 R
3 17 R
1 11 R
23 7 R
21 15 R
14 13 R
6 10 X
16 24 X
15 10 U
11 11 L
18 8 D
11 6 U
18 9 R
6 1 D
8 1 R
9 5 R
17 14 R
22 15 L
17 8 L
21 2 L
12 5 L
2 11 L
20 6 L
23 17 L
2 1 D
17 18 R
14 25 U
7 12 L
17 13 U
3 14 U
8 14 R
10 20 R
25 18 R
2 8 X
17 16 R
11 21 L
14 9 D
4 21 L
21 25 U
22 11 R
11 5 U
9 7 U
20 3 L
13 23 D
20 1 U
20 12 L
12 13 L
18 4 L
17 6 U
21 8 U
10 16 L
19 22 L
13 14 L
13 9 L
19 9 L
22 5 L
16 17 U
10 19 L
25 23 L
1 2 L
24 2 R
8 10 R
10 11 L
12 21 L
7 13 X
19 12 R
15 20 R
9 24 R
5 4 L
20 16 D
10 13 L
1 5 L
6 15 U
17 10 L
16 14 R
21 21 R
18 17 R
9 22 L
4 1 R
12 7 L
6 14 X
6 24 L
9 13 L
2 17 L
15 19 D
22 21 X
16 16 L
3 6 L
24 14 L
12 19 L
16 12 L
11 3 R
13 6 L
18 21 L
8 24 L
25 6 R
7 3 U
16 10 L
5 24 R
9 20 U
3 21 L
24 22 L
17 5 L
8 3 L
23 25 L
15 22 D
4 4 R
22 3 L
4 9 R
5 12 R
10 1 U
4 14 R
23 9 U
21 6 R
15 6 R
3 4 U
18 1 U
4 3 D
13 2 L
24 4 D
13 12 L
22 20 L
7 18 R
7 22 L
14 8 U
12 11 R
1 25 X
23 15 L
23 2 L
20 24 L
13 4 L
12 25 U
11 12 R
22 18 L
24 1 D
20 10 U
9 11 L
10 22 D
22 7 L
2 21 R
8 18 L
2 15 L
10 7 L
15 5 L
1 10 L
17 23 L
1 18 R
18 23 L
17 12 L
15 16 L
9 9 R
15 2 R
11 17 L
14 18 D
6 7 L
7 6 L
19 4 D
15 24 L
18 19 L
23 21 D
15 25 X
9 23 D
13 20 L
3 3 L
3 15 R
19 7 L
18 7 L
19 24 R
2 20 L
19 15 R
8 5 L
5 16 R
18 11 R
3 11 L
8 9 U
25 2 R
3 25 D
1 15 R
25 10 L
5 22 L
25 16 R
14 17 L
22 22 R
11 23 R
16 20 R
8 6 R
6 9 L
16 1 R
24 20 L
21 13 L
4 23 L
24 5 R
9 19 U
5 6 L
5 20 L
14 7 D
11 19 L
9 4 L
19 5 R
2 24 D
18 16 L
23 19 R
2 23 U
5 10 L
14 19 R
23 23 L
2 3 L
21 20 L
1 3 R
2 13 L
7 14 R
3 23 L
11 8 R
22 13 D
7 8 R
6 5 L
19 11 D
6 21 L
20 20 L
16 7 U
24 15 R
25 12 U
5 2 L
23 12 L
23 18 X
24 9 R
24 11 L
12 23 L
16 18 U
13 22 L
14 1 D
