377
246
8 24 L
2 20 D
21 23 D
6 9 D
24 1 D
13 4 U
15 13 D
2 3 R
22 15 R
14 18 D
20 12 D
6 1 D
2 24 D
17 2 L
3 19 U
25 25 X
16 5 R
9 15 U
16 16 L
20 20 L
17 14 D
11 19 L
4 23 L
4 7 D
18 4 R
18 25 D
22 20 D
5 18 R
15 22 D
14 11 D
17 10 L
4 9 U
15 8 D
13 7 R
21 13 L
22 5 D
2 13 U
1 8 R
13 23 D
1 11 R
10 11 R
21 20 L
5 20 D
19 23 D
7 22 U
12 1 R
14 5 U
13 12 D
22 18 L
18 16 L
21 25 U
14 17 D
3 12 D
20 18 R
23 21 D
18 9 R
4 4 R
19 14 U
17 8 R
10 9 R
25 12 R
18 21 R
21 3 R
19 4 D
11 8 R
3 3 L
9 22 L
10 20 D
1 5 D
11 14 D
7 13 X
1 25 X
23 2 U
6 19 D
16 10 L
4 3 L
2 1 U
22 21 X
14 19 U
16 14 R
21 14 D
24 2 R
22 3 R
4 19 D
15 5 L
21 8 U
20 13 U
16 24 X
18 7 U
19 2 D
19 20 U
18 2 R
1 3 R
5 16 U
10 13 D
20 6 U
20 3 U
14 13 U
9 11 U
2 25 X
20 9 D
6 2 R
9 2 U
10 19 L
12 10 U
3 11 L
8 1 D
11 3 U
10 8 X
22 7 L
5 22 D
14 9 D
6 10 X
20 16 D
8 21 L
21 21 U
12 13 R
18 19 U
15 19 D
25 2 R
10 1 D
9 17 U
20 7 D
24 7 D
3 25 D
5 6 U
14 4 L
4 1 D
1 18 R
1 2 D
8 14 D
11 12 D
20 10 U
23 25 L
14 1 D
17 6 D
25 18 R
17 12 L
13 24 R
12 17 R
8 6 R
24 17 D
9 23 U
23 15 R
7 23 U
13 10 D
3 8 L
19 17 D
11 23 U
11 6 D
12 25 D
25 24 X
7 4 U
11 17 R
14 21 U
21 2 L
8 10 R
10 22 D
7 16 U
22 13 D
22 1 D
9 5 R
4 13 D
11 15 U
6 5 U
25 6 U
2 18 D
4 17 D
9 4 L
21 15 U
6 21 D
5 24 R
19 15 D
13 20 D
15 24 L
5 12 D
2 11 R
5 8 D
11 21 U
21 5 U
16 3 L
24 15 D
24 14 U
24 18 R
18 8 D
10 7 L
13 6 D
4 14 R
17 23 L
14 7 L
1 24 L
7 10 R
10 16 D
9 8 U
24 9 D
22 22 D
8 22 R
7 12 U
15 20 U
6 7 D
19 12 U
15 14 U
24 11 D
2 17 L
13 9 U
18 1 D
3 17 L
19 5 R
12 19 D
2 21 U
1 15 R
7 18 U
6 15 D
12 16 L
23 17 U
9 13 L
3 14 L
1 22 L
12 3 D
22 10 U
13 16 D
17 21 U
12 11 D
23 7 R
8 18 D
25 20 R
11 5 L
6 11 U
13 22 D
10 24 D
2 15 L
16 25 X
17 18 D
17 3 D
19 11 D
17 16 R
23 9 U
23 4 U
1 17 L
24 4 D
16 7 U
5 14 R
6 24 L
25 23 U
8 16 D
15 6 U
