364
244
2 11 R
23 15 R
10 8 X
3 14 L
6 2 R
10 22 D
24 25 X
2 18 D
4 24 R
16 16 L
13 4 R
24 18 R
16 3 U
21 6 R
20 18 R
19 4 L
2 20 L
19 23 D
18 17 U
18 16 L
15 12 L
7 14 R
7 12 L
15 6 R
6 7 U
14 11 R
1 6 D
24 11 U
15 19 L
23 6 L
11 15 U
4 21 D
17 18 R
12 25 U
19 5 U
3 11 L
12 19 L
17 14 R
6 13 L
17 13 U
19 9 L
22 24 D
14 15 U
12 11 R
16 10 R
15 20 R
6 9 L
11 5 L
20 24 L
20 7 R
4 17 L
20 1 D
21 20 L
7 4 U
16 5 R
25 16 U
22 7 L
11 19 L
3 25 L
7 20 D
25 10 U
13 10 D
8 14 R
10 19 L
25 8 R
11 21 L
4 23 D
6 1 U
19 15 R
2 21 R
23 10 R
9 13 L
1 8 L
15 16 L
3 23 L
18 21 D
11 8 L
12 16 L
8 16 R
6 21 D
17 8 L
9 19 L
16 12 R
22 5 D
16 18 R
25 14 L
25 20 R
7 3 U
5 16 R
6 15 U
20 13 U
15 2 D
2 1 U
18 23 L
9 9 R
25 23 U
18 11 L
12 7 L
7 6 U
4 19 D
1 3 R
3 8 L
17 16 L
21 3 R
21 25 U
15 24 L
13 22 U
9 7 L
9 22 L
8 9 U
23 21 R
8 1 U
19 7 R
19 11 L
1 11 R
5 6 U
3 12 D
16 17 U
15 5 L
12 13 R
5 4 R
4 9 D
18 19 D
19 22 U
1 10 L
1 17 L
10 16 U
4 4 R
11 17 L
15 8 R
18 8 D
24 15 D
14 2 R
20 3 R
23 19 U
7 18 L
14 17 L
10 24 D
22 1 R
19 17 R
22 3 R
13 12 R
20 12 L
22 18 U
22 20 D
11 23 U
8 18 R
10 20 R
18 2 R
18 13 L
4 1 R
17 3 R
17 23 L
22 11 R
22 10 L
16 7 U
14 25 U
24 8 U
13 23 D
23 18 X
17 2 L
20 9 D
25 6 R
25 2 L
12 3 D
15 14 U
10 11 L
3 6 U
12 1 D
17 20 D
10 2 R
8 5 U
4 14 R
9 24 R
17 24 D
11 6 U
13 20 D
13 7 R
6 17 L
16 20 R
19 2 L
12 8 R
20 10 D
23 12 D
16 25 X
1 18 R
10 9 D
24 5 R
5 22 U
2 15 L
7 22 U
24 7 L
14 8 U
24 4 L
15 22 D
10 1 D
5 24 R
21 24 X
3 3 L
17 12 L
23 7 R
9 4 L
13 9 U
7 2 D
3 17 L
22 15 R
21 5 L
23 4 L
7 13 X
25 5 L
21 23 D
6 24 L
11 11 L
18 9 U
17 6 R
18 7 L
21 14 D
13 17 R
21 21 U
14 21 R
12 5 L
16 1 U
2 17 L
25 18 L
19 14 U
9 23 U
4 3 D
6 5 U
21 13 L
10 4 L
8 25 U
24 14 L
5 10 U
8 22 R
5 20 U
3 4 U
22 13 D
8 10 R
20 6 U
5 2 R
2 3 L
12 21 R
3 21 L
20 22 D
