375
242
21 23 L
17 21 R
12 23 L
8 3 R
7 16 R
20 16 R
6 1 U
11 15 U
2 17 L
9 8 U
18 2 R
6 17 U
19 23 D
25 6 R
11 23 R
16 20 R
6 25 U
9 11 U
19 5 R
15 16 L
2 20 L
7 20 D
17 24 D
24 22 L
7 24 R
19 11 D
13 7 R
18 13 R
19 22 U
8 1 R
8 5 U
20 13 U
1 22 D
10 19 L
20 20 L
3 4 R
11 17 L
4 21 D
4 7 U
3 23 L
23 4 R
2 11 R
10 1 U
10 16 U
19 4 L
2 8 X
1 3 R
15 12 L
13 6 L
12 7 L
20 12 L
21 14 D
18 21 R
20 7 R
11 6 D
20 3 L
8 6 R
2 1 U
9 5 R
2 18 D
10 11 L
4 24 R
2 24 D
14 1 U
9 13 L
7 18 R
3 14 L
1 17 L
5 22 U
10 22 L
3 25 D
6 7 D
3 19 R
7 10 L
14 25 U
19 9 R
15 2 L
17 2 U
19 20 R
13 16 L
16 18 R
6 5 R
25 24 X
8 10 D
4 1 U
9 9 R
22 21 X
1 24 L
24 17 D
21 11 L
22 7 U
22 24 L
1 2 D
19 12 U
20 18 L
24 18 R
25 23 U
14 9 R
2 15 L
11 3 R
10 9 D
14 13 R
17 10 L
4 4 R
16 23 L
23 25 L
22 20 L
6 21 L
21 13 L
4 8 X
10 13 R
18 9 R
8 24 L
12 19 R
8 25 D
21 6 D
18 11 L
14 21 L
25 20 R
23 23 L
10 24 L
6 15 R
9 4 L
18 1 U
4 11 R
14 19 U
7 12 L
8 9 L
16 12 R
13 17 R
9 15 R
5 8 L
19 15 R
23 17 L
5 6 L
11 12 R
5 12 L
3 3 L
22 13 D
20 6 L
23 15 L
16 1 R
23 6 U
12 5 L
16 17 U
19 24 R
18 19 R
13 22 L
8 16 L
6 13 L
23 9 L
10 2 R
9 7 L
1 20 R
3 21 L
12 21 L
9 19 L
5 14 R
20 22 L
2 13 U
1 8 L
3 6 D
17 3 R
10 7 L
22 15 R
7 3 U
21 15 R
6 9 U
20 1 U
5 4 D
12 8 R
24 14 L
15 8 L
7 14 R
8 21 D
22 10 L
11 11 L
12 1 D
2 7 L
14 11 R
16 10 L
24 4 D
24 9 D
4 14 R
1 18 R
24 2 R
12 13 R
10 4 R
25 16 U
5 18 R
25 10 U
1 10 L
12 16 L
13 2 R
3 15 R
22 11 R
22 3 L
25 12 R
7 23 U
1 5 D
19 7 R
14 17 L
15 22 L
7 8 U
2 3 R
4 3 L
7 22 U
25 18 R
4 9 U
16 5 L
17 5 D
23 12 D
12 11 R
15 24 L
17 6 R
11 21 L
12 3 L
15 20 R
11 2 L
15 19 L
15 25 X
17 18 L
21 25 U
17 12 L
17 14 R
17 20 L
21 5 L
24 15 R
16 25 X
6 10 X
22 22 R
20 14 R
18 7 L
21 3 R
18 17 R
11 8 L
21 21 R
22 18 U
3 11 L
21 17 D
13 20 D
12 25 U
