325
265
25 10 L
19 23 D
22 5 L
5 10 U
16 20 R
15 13 D
2 18 R
2 17 L
1 25 X
13 4 L
8 14 R
9 8 U
12 3 R
10 4 R
5 16 U
11 17 R
18 19 D
19 11 L
23 4 L
18 13 L
16 23 L
24 18 R
9 11 L
6 5 U
25 5 L
18 4 L
17 20 L
15 14 U
24 15 D
4 11 R
10 16 D
10 8 X
9 23 D
6 19 R
22 15 R
22 10 U
8 12 D
18 21 D
16 1 U
15 6 U
4 9 D
12 1 U
19 5 U
22 18 U
3 6 D
18 17 R
17 21 R
9 22 L
4 18 U
17 3 R
6 9 D
21 25 U
1 14 X
10 22 L
14 11 D
13 16 L
7 6 L
3 8 L
23 15 L
13 17 R
25 6 U
7 3 U
1 10 D
15 16 L
12 19 R
19 9 L
2 13 U
25 18 R
24 4 L
20 20 L
8 6 R
21 14 D
25 2 R
7 16 R
17 6 U
1 8 R
20 13 U
1 17 L
16 24 X
23 2 X
3 11 L
19 15 U
23 19 R
3 25 L
13 22 U
21 17 U
3 19 R
12 21 D
6 7 U
7 22 L
23 25 L
10 13 R
21 13 L
22 13 L
12 7 X
15 22 L
6 25 U
7 20 L
1 3 R
14 21 R
25 20 R
4 19 D
22 1 D
5 12 R
11 6 R
23 17 U
19 2 R
6 1 D
20 22 D
8 10 R
22 3 L
21 20 L
17 24 D
4 1 D
5 2 U
12 25 U
20 18 U
11 8 R
14 4 L
14 9 D
18 1 D
3 4 R
24 14 L
23 21 R
1 5 D
5 14 R
10 2 R
10 24 R
21 23 D
11 11 L
15 19 D
16 10 L
6 21 R
17 23 X
7 12 U
20 1 R
11 23 R
11 3 R
9 4 L
17 12 L
24 20 X
6 14 X
12 16 L
6 10 X
9 7 L
7 8 L
11 15 U
24 9 R
11 21 R
3 21 R
24 5 U
17 14 D
16 5 L
7 10 R
4 23 L
25 14 L
19 7 L
8 18 D
10 9 R
23 23 D
16 3 U
25 25 X
3 17 L
4 24 R
14 15 R
14 1 X
2 3 R
18 11 L
14 13 U
11 14 L
11 2 D
5 4 D
5 20 U
8 9 X
23 12 R
1 22 R
18 25 D
21 15 R
9 19 U
14 5 U
5 18 L
22 7 U
25 23 L
20 16 U
10 19 L
20 3 X
8 21 X
21 8 R
13 7 R
8 5 L
21 21 U
16 17 U
24 8 U
13 10 R
17 16 L
16 12 L
21 2 L
20 6 L
23 9 U
15 24 L
5 8 D
13 12 D
24 22 L
8 24 L
3 15 D
15 8 L
18 16 X
2 9 D
4 3 D
17 25 X
15 10 U
13 9 X
24 17 D
20 12 L
12 11 R
1 18 R
1 11 R
13 6 U
21 5 L
9 5 X
16 16 L
11 12 U
4 4 R
14 19 U
3 23 X
5 24 L
1 20 R
12 13 R
2 23 X
24 7 D
5 22 L
20 14 R
3 3 L
12 17 R
9 15 L
10 1 U
2 25 X
8 1 R
7 23 U
10 7 L
2 1 D
12 10 L
25 12 U
4 13 U
2 11 R
2 21 R
17 8 U
16 7 D
9 24 R
22 20 L
20 7 X
23 6 U
13 24 R
8 16 R
5 6 D
13 20 D
2 15 L
9 17 L
14 24 L
15 5 L
15 25 X
7 24 R
7 18 U
6 15 R
19 20 U
