500
151
33 10 X
8 28 X
33 21 R
22 17 X
13 9 X
11 31 U
23 15 X
28 29 L
37 5 X
12 22 R
3 29 U
33 30 U
29 9 R
9 22 R
13 17 X
9 30 L
35 7 X
27 30 R
35 15 R
31 15 X
3 25 X
23 41 L
38 19 X
3 22 R
3 40 U
33 7 X
6 39 X
21 22 R
10 5 X
6 7 X
35 37 X
23 33 U
17 25 X
3 15 X
17 13 X
31 27 X
5 23 D
31 34 R
32 35 U
21 42 X
1 42 X
9 13 X
15 25 R
18 19 X
22 30 X
26 38 U
19 10 X
28 17 X
38 38 R
21 28 R
2 36 L
27 33 X
28 11 X
38 22 L
13 19 X
14 29 R
27 38 D
37 9 X
14 36 D
13 23 L
17 34 X
10 38 X
23 13 X
15 19 X
3 11 X
1 1 X
10 23 U
9 8 X
36 11 X
38 11 X
5 1 X
1 23 L
23 27 D
9 24 L
25 37 R
36 22 L
27 35 X
21 1 X
36 33 X
15 11 X
33 13 R
21 2 X
13 1 X
28 15 X
25 13 X
5 12 X
36 31 X
5 41 X
3 3 X
34 26 X
39 38 R
14 34 X
26 22 U
7 5 X
23 1 X
28 26 X
38 17 X
28 22 U
8 19 X
19 24 X
18 6 X
5 15 X
31 2 X
1 34 L
6 33 L
38 2 R
20 30 X
37 19 X
8 5 X
38 37 L
9 40 L
19 37 X
10 33 X
27 20 D
19 35 X
19 38 X
4 33 U
26 17 X
15 7 X
13 32 R
8 37 L
11 22 U
4 20 X
17 30 X
7 23 L
3 17 X
5 35 X
15 27 L
31 7 X
13 3 X
12 28 R
35 17 L
11 19 X
35 42 L
12 15 X
31 11 R
16 17 X
1 17 X
16 34 X
17 11 X
17 29 X
19 28 X
22 24 U
22 38 U
22 40 D
23 5 L
24 18 X
24 20 X
24 37 U
27 41 X
32 20 X
