482
154
10 28 D
21 13 X
23 42 X
28 21 L
33 11 X
26 14 X
18 28 X
22 7 X
15 18 X
3 13 X
28 37 R
8 17 X
12 28 R
19 35 X
24 17 X
35 6 X
4 30 R
22 24 U
14 23 D
17 15 X
23 27 D
26 8 L
16 23 U
36 34 X
5 4 X
39 11 X
7 25 R
39 37 X
7 11 X
23 23 R
5 11 X
13 17 X
32 32 X
38 42 L
7 35 R
14 3 X
20 14 X
31 13 D
10 19 X
29 11 L
11 42 X
32 19 X
7 13 X
28 31 U
22 34 R
32 38 X
26 31 D
3 15 X
11 23 D
25 28 R
17 22 U
33 29 L
17 1 X
33 34 X
5 25 R
30 29 X
33 25 L
15 27 L
2 37 D
37 5 X
4 17 X
27 4 X
36 28 X
26 9 X
30 35 U
37 1 X
13 31 L
1 31 X
31 26 L
15 38 R
25 23 L
17 7 X
30 39 X
5 37 D
39 34 R
1 3 X
30 9 X
25 3 X
23 30 R
3 11 X
15 30 U
19 40 X
11 9 X
7 40 X
8 9 X
11 25 X
4 1 X
17 3 X
17 33 X
13 9 X
13 38 L
6 34 X
23 5 L
27 17 X
30 30 U
17 9 X
10 13 X
3 32 R
22 20 U
5 13 X
35 42 L
23 39 R
5 19 X
11 12 X
21 27 L
15 7 X
25 37 R
3 25 X
12 7 X
24 21 U
17 19 X
13 1 X
21 39 L
36 5 X
17 24 X
21 15 X
25 7 L
33 36 X
38 20 R
5 27 L
16 35 U
33 33 X
5 22 U
35 23 D
31 7 X
3 40 U
29 23 R
28 22 U
7 5 X
11 34 R
9 14 X
9 22 R
14 1 X
37 17 U
38 38 R
37 11 X
11 27 R
2 5 X
27 26 U
21 41 X
7 31 D
27 36 X
1 29 D
33 8 X
1 42 X
35 35 X
14 39 D
24 35 L
30 22 D
1 20 X
37 36 L
21 30 R
12 38 L
8 25 X
